{"/workspaces/webII/src/app.js": {"path":"/workspaces/webII/src/app.js","statementMap":{"0":{"start":{"line":8,"column":12},"end":{"line":8,"column":21}},"1":{"start":{"line":11,"column":0},"end":{"line":11,"column":null}},"2":{"start":{"line":19,"column":0},"end":{"line":48,"column":null}},"3":{"start":{"line":20,"column":23},"end":{"line":20,"column":27}},"4":{"start":{"line":21,"column":24},"end":{"line":21,"column":64}},"5":{"start":{"line":23,"column":2},"end":{"line":30,"column":null}},"6":{"start":{"line":25,"column":4},"end":{"line":25,"column":null}},"7":{"start":{"line":27,"column":4},"end":{"line":27,"column":null}},"8":{"start":{"line":28,"column":4},"end":{"line":28,"column":null}},"9":{"start":{"line":29,"column":4},"end":{"line":29,"column":null}},"10":{"start":{"line":33,"column":21},"end":{"line":33,"column":56}},"11":{"start":{"line":35,"column":2},"end":{"line":47,"column":null}},"12":{"start":{"line":51,"column":0},"end":{"line":51,"column":null}},"13":{"start":{"line":52,"column":0},"end":{"line":52,"column":null}},"14":{"start":{"line":53,"column":0},"end":{"line":53,"column":null}},"15":{"start":{"line":61,"column":0},"end":{"line":66,"column":null}},"16":{"start":{"line":62,"column":2},"end":{"line":65,"column":null}}},"fnMap":{"0":{"name":"(anonymous_0)","decl":{"start":{"line":19,"column":19},"end":{"line":19,"column":24}},"loc":{"start":{"line":19,"column":39},"end":{"line":48,"column":1}},"line":19},"1":{"name":"(anonymous_1)","decl":{"start":{"line":61,"column":8},"end":{"line":61,"column":9}},"loc":{"start":{"line":61,"column":22},"end":{"line":66,"column":1}},"line":61}},"branchMap":{"0":{"loc":{"start":{"line":33,"column":21},"end":{"line":33,"column":56}},"type":"cond-expr","locations":[{"start":{"line":33,"column":47},"end":{"line":33,"column":50}},{"start":{"line":33,"column":53},"end":{"line":33,"column":56}}],"line":33},"1":{"loc":{"start":{"line":36,"column":12},"end":{"line":36,"column":55}},"type":"cond-expr","locations":[{"start":{"line":36,"column":38},"end":{"line":36,"column":42}},{"start":{"line":36,"column":45},"end":{"line":36,"column":55}}],"line":36}},"s":{"0":3,"1":3,"2":3,"3":0,"4":0,"5":0,"6":0,"7":0,"8":0,"9":0,"10":0,"11":0,"12":3,"13":3,"14":3,"15":3,"16":0},"f":{"0":0,"1":0},"b":{"0":[0,0],"1":[0,0]},"meta":{"lastBranch":2,"lastFunction":2,"lastStatement":17,"seen":{"s:8:12:8:21":0,"s:11:0:11:Infinity":1,"s:19:0:48:Infinity":2,"f:19:19:19:24":0,"s:20:23:20:27":3,"s:21:24:21:64":4,"s:23:2:30:Infinity":5,"s:25:4:25:Infinity":6,"s:27:4:27:Infinity":7,"s:28:4:28:Infinity":8,"s:29:4:29:Infinity":9,"s:33:21:33:56":10,"b:33:47:33:50:33:53:33:56":0,"s:35:2:47:Infinity":11,"b:36:38:36:42:36:45:36:55":1,"s:51:0:51:Infinity":12,"s:52:0:52:Infinity":13,"s:53:0:53:Infinity":14,"s:61:0:66:Infinity":15,"f:61:8:61:9":1,"s:62:2:65:Infinity":16},"fnNames":{}}}
,"/workspaces/webII/src/config/database.js": {"path":"/workspaces/webII/src/config/database.js","statementMap":{"0":{"start":{"line":5,"column":6},"end":{"line":5,"column":null}},"1":{"start":{"line":6,"column":16},"end":{"line":8,"column":null}},"2":{"start":{"line":10,"column":15},"end":{"line":13,"column":null}}},"fnMap":{},"branchMap":{"0":{"loc":{"start":{"line":12,"column":7},"end":{"line":12,"column":null}},"type":"cond-expr","locations":[{"start":{"line":12,"column":23},"end":{"line":12,"column":52}},{"start":{"line":12,"column":52},"end":{"line":12,"column":null}}],"line":12}},"s":{"0":3,"1":3,"2":3},"f":{},"b":{"0":[3,0]},"meta":{"lastBranch":1,"lastFunction":0,"lastStatement":3,"seen":{"s:5:6:5:Infinity":0,"s:6:16:8:Infinity":1,"s:10:15:13:Infinity":2,"b:12:23:12:52:12:52:12:Infinity":0},"fnNames":{}}}
,"/workspaces/webII/src/controllers/questionController.js": {"path":"/workspaces/webII/src/controllers/questionController.js","statementMap":{"0":{"start":{"line":3,"column":30},"end":{"line":68,"column":1}},"1":{"start":{"line":4,"column":2},"end":{"line":67,"column":null}},"2":{"start":{"line":6,"column":6},"end":{"line":6,"column":14}},"3":{"start":{"line":8,"column":4},"end":{"line":13,"column":null}},"4":{"start":{"line":9,"column":6},"end":{"line":12,"column":null}},"5":{"start":{"line":15,"column":4},"end":{"line":20,"column":null}},"6":{"start":{"line":16,"column":6},"end":{"line":19,"column":null}},"7":{"start":{"line":22,"column":30},"end":{"line":22,"column":49}},"8":{"start":{"line":23,"column":4},"end":{"line":32,"column":null}},"9":{"start":{"line":28,"column":6},"end":{"line":31,"column":null}},"10":{"start":{"line":34,"column":28},"end":{"line":34,"column":45}},"11":{"start":{"line":35,"column":27},"end":{"line":35,"column":43}},"12":{"start":{"line":37,"column":4},"end":{"line":47,"column":null}},"13":{"start":{"line":43,"column":6},"end":{"line":46,"column":null}},"14":{"start":{"line":49,"column":21},"end":{"line":55,"column":6}},"15":{"start":{"line":57,"column":4},"end":{"line":57,"column":null}},"16":{"start":{"line":59,"column":4},"end":{"line":63,"column":null}},"17":{"start":{"line":60,"column":6},"end":{"line":62,"column":null}},"18":{"start":{"line":64,"column":4},"end":{"line":66,"column":null}},"19":{"start":{"line":70,"column":28},"end":{"line":83,"column":1}},"20":{"start":{"line":71,"column":2},"end":{"line":82,"column":null}},"21":{"start":{"line":72,"column":22},"end":{"line":72,"column":65}},"22":{"start":{"line":73,"column":4},"end":{"line":77,"column":null}},"23":{"start":{"line":79,"column":4},"end":{"line":81,"column":null}},"24":{"start":{"line":85,"column":31},"end":{"line":111,"column":1}},"25":{"start":{"line":86,"column":2},"end":{"line":110,"column":null}},"26":{"start":{"line":87,"column":19},"end":{"line":87,"column":29}},"27":{"start":{"line":88,"column":21},"end":{"line":88,"column":31}},"28":{"start":{"line":90,"column":4},"end":{"line":95,"column":null}},"29":{"start":{"line":91,"column":6},"end":{"line":94,"column":null}},"30":{"start":{"line":97,"column":21},"end":{"line":97,"column":75}},"31":{"start":{"line":99,"column":4},"end":{"line":103,"column":null}},"32":{"start":{"line":100,"column":6},"end":{"line":102,"column":null}},"33":{"start":{"line":105,"column":4},"end":{"line":105,"column":null}},"34":{"start":{"line":107,"column":4},"end":{"line":109,"column":null}},"35":{"start":{"line":113,"column":30},"end":{"line":240,"column":1}},"36":{"start":{"line":114,"column":2},"end":{"line":239,"column":null}},"37":{"start":{"line":115,"column":19},"end":{"line":115,"column":29}},"38":{"start":{"line":116,"column":21},"end":{"line":116,"column":31}},"39":{"start":{"line":118,"column":4},"end":{"line":123,"column":null}},"40":{"start":{"line":119,"column":6},"end":{"line":122,"column":null}},"41":{"start":{"line":132,"column":8},"end":{"line":132,"column":16}},"42":{"start":{"line":134,"column":4},"end":{"line":146,"column":null}},"43":{"start":{"line":142,"column":6},"end":{"line":145,"column":null}},"44":{"start":{"line":148,"column":4},"end":{"line":156,"column":null}},"45":{"start":{"line":152,"column":6},"end":{"line":155,"column":null}},"46":{"start":{"line":158,"column":4},"end":{"line":167,"column":null}},"47":{"start":{"line":163,"column":6},"end":{"line":166,"column":null}},"48":{"start":{"line":170,"column":4},"end":{"line":182,"column":null}},"49":{"start":{"line":171,"column":6},"end":{"line":171,"column":null}},"50":{"start":{"line":172,"column":6},"end":{"line":181,"column":null}},"51":{"start":{"line":177,"column":8},"end":{"line":180,"column":null}},"52":{"start":{"line":184,"column":4},"end":{"line":189,"column":null}},"53":{"start":{"line":185,"column":6},"end":{"line":188,"column":null}},"54":{"start":{"line":192,"column":4},"end":{"line":200,"column":null}},"55":{"start":{"line":193,"column":6},"end":{"line":193,"column":null}},"56":{"start":{"line":194,"column":6},"end":{"line":199,"column":null}},"57":{"start":{"line":195,"column":8},"end":{"line":198,"column":null}},"58":{"start":{"line":203,"column":4},"end":{"line":211,"column":null}},"59":{"start":{"line":204,"column":6},"end":{"line":204,"column":null}},"60":{"start":{"line":205,"column":6},"end":{"line":210,"column":null}},"61":{"start":{"line":206,"column":8},"end":{"line":209,"column":null}},"62":{"start":{"line":213,"column":26},"end":{"line":213,"column":28}},"63":{"start":{"line":214,"column":4},"end":{"line":214,"column":null}},"64":{"start":{"line":214,"column":33},"end":{"line":214,"column":null}},"65":{"start":{"line":215,"column":4},"end":{"line":216,"column":null}},"66":{"start":{"line":216,"column":6},"end":{"line":216,"column":null}},"67":{"start":{"line":217,"column":4},"end":{"line":218,"column":null}},"68":{"start":{"line":218,"column":6},"end":{"line":218,"column":null}},"69":{"start":{"line":219,"column":4},"end":{"line":219,"column":null}},"70":{"start":{"line":219,"column":29},"end":{"line":219,"column":null}},"71":{"start":{"line":220,"column":4},"end":{"line":221,"column":null}},"72":{"start":{"line":221,"column":6},"end":{"line":221,"column":null}},"73":{"start":{"line":222,"column":4},"end":{"line":222,"column":null}},"74":{"start":{"line":222,"column":38},"end":{"line":222,"column":null}},"75":{"start":{"line":224,"column":28},"end":{"line":227,"column":5}},"76":{"start":{"line":229,"column":4},"end":{"line":229,"column":null}},"77":{"start":{"line":231,"column":4},"end":{"line":235,"column":null}},"78":{"start":{"line":232,"column":6},"end":{"line":234,"column":null}},"79":{"start":{"line":236,"column":4},"end":{"line":238,"column":null}},"80":{"start":{"line":242,"column":30},"end":{"line":272,"column":1}},"81":{"start":{"line":243,"column":2},"end":{"line":271,"column":null}},"82":{"start":{"line":244,"column":19},"end":{"line":244,"column":29}},"83":{"start":{"line":245,"column":21},"end":{"line":245,"column":31}},"84":{"start":{"line":247,"column":4},"end":{"line":252,"column":null}},"85":{"start":{"line":248,"column":6},"end":{"line":251,"column":null}},"86":{"start":{"line":255,"column":6},"end":{"line":255,"column":59}},"87":{"start":{"line":257,"column":4},"end":{"line":261,"column":null}},"88":{"start":{"line":263,"column":4},"end":{"line":267,"column":null}},"89":{"start":{"line":264,"column":6},"end":{"line":266,"column":null}},"90":{"start":{"line":268,"column":4},"end":{"line":270,"column":null}}},"fnMap":{"0":{"name":"(anonymous_0)","decl":{"start":{"line":3,"column":30},"end":{"line":3,"column":35}},"loc":{"start":{"line":3,"column":50},"end":{"line":68,"column":1}},"line":3},"1":{"name":"(anonymous_1)","decl":{"start":{"line":70,"column":28},"end":{"line":70,"column":33}},"loc":{"start":{"line":70,"column":48},"end":{"line":83,"column":1}},"line":70},"2":{"name":"(anonymous_2)","decl":{"start":{"line":85,"column":31},"end":{"line":85,"column":36}},"loc":{"start":{"line":85,"column":51},"end":{"line":111,"column":1}},"line":85},"3":{"name":"(anonymous_3)","decl":{"start":{"line":113,"column":30},"end":{"line":113,"column":35}},"loc":{"start":{"line":113,"column":50},"end":{"line":240,"column":1}},"line":113},"4":{"name":"(anonymous_4)","decl":{"start":{"line":242,"column":30},"end":{"line":242,"column":35}},"loc":{"start":{"line":242,"column":50},"end":{"line":272,"column":1}},"line":242}},"branchMap":{"0":{"loc":{"start":{"line":8,"column":4},"end":{"line":13,"column":null}},"type":"if","locations":[{"start":{"line":8,"column":4},"end":{"line":13,"column":null}},{"start":{},"end":{}}],"line":8},"1":{"loc":{"start":{"line":8,"column":8},"end":{"line":8,"column":74}},"type":"binary-expr","locations":[{"start":{"line":8,"column":8},"end":{"line":8,"column":18}},{"start":{"line":8,"column":22},"end":{"line":8,"column":47}},{"start":{"line":8,"column":51},"end":{"line":8,"column":61}},{"start":{"line":8,"column":65},"end":{"line":8,"column":74}}],"line":8},"2":{"loc":{"start":{"line":15,"column":4},"end":{"line":20,"column":null}},"type":"if","locations":[{"start":{"line":15,"column":4},"end":{"line":20,"column":null}},{"start":{},"end":{}}],"line":15},"3":{"loc":{"start":{"line":15,"column":8},"end":{"line":15,"column":64}},"type":"binary-expr","locations":[{"start":{"line":15,"column":8},"end":{"line":15,"column":37}},{"start":{"line":15,"column":41},"end":{"line":15,"column":64}}],"line":15},"4":{"loc":{"start":{"line":23,"column":4},"end":{"line":32,"column":null}},"type":"if","locations":[{"start":{"line":23,"column":4},"end":{"line":32,"column":null}},{"start":{},"end":{}}],"line":23},"5":{"loc":{"start":{"line":24,"column":6},"end":{"line":26,"column":null}},"type":"binary-expr","locations":[{"start":{"line":24,"column":6},"end":{"line":24,"column":42}},{"start":{"line":25,"column":6},"end":{"line":25,"column":27}},{"start":{"line":26,"column":6},"end":{"line":26,"column":null}}],"line":24},"6":{"loc":{"start":{"line":37,"column":4},"end":{"line":47,"column":null}},"type":"if","locations":[{"start":{"line":37,"column":4},"end":{"line":47,"column":null}},{"start":{},"end":{}}],"line":37},"7":{"loc":{"start":{"line":38,"column":6},"end":{"line":41,"column":null}},"type":"binary-expr","locations":[{"start":{"line":38,"column":6},"end":{"line":38,"column":40}},{"start":{"line":39,"column":6},"end":{"line":39,"column":26}},{"start":{"line":40,"column":6},"end":{"line":40,"column":39}},{"start":{"line":41,"column":6},"end":{"line":41,"column":null}}],"line":38},"8":{"loc":{"start":{"line":51,"column":23},"end":{"line":51,"column":77}},"type":"cond-expr","locations":[{"start":{"line":51,"column":55},"end":{"line":51,"column":70}},{"start":{"line":51,"column":73},"end":{"line":51,"column":77}}],"line":51},"9":{"loc":{"start":{"line":59,"column":4},"end":{"line":63,"column":null}},"type":"if","locations":[{"start":{"line":59,"column":4},"end":{"line":63,"column":null}},{"start":{},"end":{}}],"line":59},"10":{"loc":{"start":{"line":90,"column":4},"end":{"line":95,"column":null}},"type":"if","locations":[{"start":{"line":90,"column":4},"end":{"line":95,"column":null}},{"start":{},"end":{}}],"line":90},"11":{"loc":{"start":{"line":90,"column":8},"end":{"line":90,"column":52}},"type":"binary-expr","locations":[{"start":{"line":90,"column":8},"end":{"line":90,"column":35}},{"start":{"line":90,"column":39},"end":{"line":90,"column":52}}],"line":90},"12":{"loc":{"start":{"line":99,"column":4},"end":{"line":103,"column":null}},"type":"if","locations":[{"start":{"line":99,"column":4},"end":{"line":103,"column":null}},{"start":{},"end":{}}],"line":99},"13":{"loc":{"start":{"line":118,"column":4},"end":{"line":123,"column":null}},"type":"if","locations":[{"start":{"line":118,"column":4},"end":{"line":123,"column":null}},{"start":{},"end":{}}],"line":118},"14":{"loc":{"start":{"line":118,"column":8},"end":{"line":118,"column":52}},"type":"binary-expr","locations":[{"start":{"line":118,"column":8},"end":{"line":118,"column":35}},{"start":{"line":118,"column":39},"end":{"line":118,"column":52}}],"line":118},"15":{"loc":{"start":{"line":134,"column":4},"end":{"line":146,"column":null}},"type":"if","locations":[{"start":{"line":134,"column":4},"end":{"line":146,"column":null}},{"start":{},"end":{}}],"line":134},"16":{"loc":{"start":{"line":135,"column":6},"end":{"line":140,"column":null}},"type":"binary-expr","locations":[{"start":{"line":135,"column":6},"end":{"line":135,"column":29}},{"start":{"line":136,"column":6},"end":{"line":136,"column":35}},{"start":{"line":137,"column":6},"end":{"line":137,"column":31}},{"start":{"line":138,"column":6},"end":{"line":138,"column":25}},{"start":{"line":139,"column":6},"end":{"line":139,"column":29}},{"start":{"line":140,"column":6},"end":{"line":140,"column":null}}],"line":135},"17":{"loc":{"start":{"line":148,"column":4},"end":{"line":156,"column":null}},"type":"if","locations":[{"start":{"line":148,"column":4},"end":{"line":156,"column":null}},{"start":{},"end":{}}],"line":148},"18":{"loc":{"start":{"line":149,"column":6},"end":{"line":150,"column":null}},"type":"binary-expr","locations":[{"start":{"line":149,"column":6},"end":{"line":149,"column":29}},{"start":{"line":150,"column":7},"end":{"line":150,"column":36}},{"start":{"line":150,"column":40},"end":{"line":150,"column":63}}],"line":149},"19":{"loc":{"start":{"line":158,"column":4},"end":{"line":167,"column":null}},"type":"if","locations":[{"start":{"line":158,"column":4},"end":{"line":167,"column":null}},{"start":{},"end":{}}],"line":158},"20":{"loc":{"start":{"line":159,"column":6},"end":{"line":161,"column":null}},"type":"binary-expr","locations":[{"start":{"line":159,"column":6},"end":{"line":159,"column":35}},{"start":{"line":160,"column":6},"end":{"line":160,"column":30}},{"start":{"line":161,"column":6},"end":{"line":161,"column":null}}],"line":159},"21":{"loc":{"start":{"line":170,"column":4},"end":{"line":182,"column":null}},"type":"if","locations":[{"start":{"line":170,"column":4},"end":{"line":182,"column":null}},{"start":{},"end":{}}],"line":170},"22":{"loc":{"start":{"line":172,"column":6},"end":{"line":181,"column":null}},"type":"if","locations":[{"start":{"line":172,"column":6},"end":{"line":181,"column":null}},{"start":{},"end":{}}],"line":172},"23":{"loc":{"start":{"line":173,"column":8},"end":{"line":175,"column":null}},"type":"binary-expr","locations":[{"start":{"line":173,"column":8},"end":{"line":173,"column":44}},{"start":{"line":174,"column":8},"end":{"line":174,"column":29}},{"start":{"line":175,"column":8},"end":{"line":175,"column":null}}],"line":173},"24":{"loc":{"start":{"line":184,"column":4},"end":{"line":189,"column":null}},"type":"if","locations":[{"start":{"line":184,"column":4},"end":{"line":189,"column":null}},{"start":{},"end":{}}],"line":184},"25":{"loc":{"start":{"line":184,"column":8},"end":{"line":184,"column":57}},"type":"binary-expr","locations":[{"start":{"line":184,"column":8},"end":{"line":184,"column":27}},{"start":{"line":184,"column":31},"end":{"line":184,"column":57}}],"line":184},"26":{"loc":{"start":{"line":192,"column":4},"end":{"line":200,"column":null}},"type":"if","locations":[{"start":{"line":192,"column":4},"end":{"line":200,"column":null}},{"start":{},"end":{}}],"line":192},"27":{"loc":{"start":{"line":194,"column":6},"end":{"line":199,"column":null}},"type":"if","locations":[{"start":{"line":194,"column":6},"end":{"line":199,"column":null}},{"start":{},"end":{}}],"line":194},"28":{"loc":{"start":{"line":194,"column":10},"end":{"line":194,"column":68}},"type":"binary-expr","locations":[{"start":{"line":194,"column":10},"end":{"line":194,"column":44}},{"start":{"line":194,"column":48},"end":{"line":194,"column":68}}],"line":194},"29":{"loc":{"start":{"line":203,"column":4},"end":{"line":211,"column":null}},"type":"if","locations":[{"start":{"line":203,"column":4},"end":{"line":211,"column":null}},{"start":{},"end":{}}],"line":203},"30":{"loc":{"start":{"line":205,"column":6},"end":{"line":210,"column":null}},"type":"if","locations":[{"start":{"line":205,"column":6},"end":{"line":210,"column":null}},{"start":{},"end":{}}],"line":205},"31":{"loc":{"start":{"line":205,"column":10},"end":{"line":205,"column":66}},"type":"binary-expr","locations":[{"start":{"line":205,"column":10},"end":{"line":205,"column":43}},{"start":{"line":205,"column":47},"end":{"line":205,"column":66}}],"line":205},"32":{"loc":{"start":{"line":214,"column":4},"end":{"line":214,"column":null}},"type":"if","locations":[{"start":{"line":214,"column":4},"end":{"line":214,"column":null}},{"start":{},"end":{}}],"line":214},"33":{"loc":{"start":{"line":215,"column":4},"end":{"line":216,"column":null}},"type":"if","locations":[{"start":{"line":215,"column":4},"end":{"line":216,"column":null}},{"start":{},"end":{}}],"line":215},"34":{"loc":{"start":{"line":217,"column":4},"end":{"line":218,"column":null}},"type":"if","locations":[{"start":{"line":217,"column":4},"end":{"line":218,"column":null}},{"start":{},"end":{}}],"line":217},"35":{"loc":{"start":{"line":219,"column":4},"end":{"line":219,"column":null}},"type":"if","locations":[{"start":{"line":219,"column":4},"end":{"line":219,"column":null}},{"start":{},"end":{}}],"line":219},"36":{"loc":{"start":{"line":220,"column":4},"end":{"line":221,"column":null}},"type":"if","locations":[{"start":{"line":220,"column":4},"end":{"line":221,"column":null}},{"start":{},"end":{}}],"line":220},"37":{"loc":{"start":{"line":222,"column":4},"end":{"line":222,"column":null}},"type":"if","locations":[{"start":{"line":222,"column":4},"end":{"line":222,"column":null}},{"start":{},"end":{}}],"line":222},"38":{"loc":{"start":{"line":231,"column":4},"end":{"line":235,"column":null}},"type":"if","locations":[{"start":{"line":231,"column":4},"end":{"line":235,"column":null}},{"start":{},"end":{}}],"line":231},"39":{"loc":{"start":{"line":247,"column":4},"end":{"line":252,"column":null}},"type":"if","locations":[{"start":{"line":247,"column":4},"end":{"line":252,"column":null}},{"start":{},"end":{}}],"line":247},"40":{"loc":{"start":{"line":247,"column":8},"end":{"line":247,"column":52}},"type":"binary-expr","locations":[{"start":{"line":247,"column":8},"end":{"line":247,"column":35}},{"start":{"line":247,"column":39},"end":{"line":247,"column":52}}],"line":247},"41":{"loc":{"start":{"line":263,"column":4},"end":{"line":267,"column":null}},"type":"if","locations":[{"start":{"line":263,"column":4},"end":{"line":267,"column":null}},{"start":{},"end":{}}],"line":263}},"s":{"0":3,"1":1,"2":1,"3":1,"4":0,"5":1,"6":0,"7":1,"8":1,"9":0,"10":1,"11":1,"12":1,"13":0,"14":1,"15":1,"16":0,"17":0,"18":0,"19":3,"20":1,"21":1,"22":1,"23":0,"24":3,"25":2,"26":2,"27":2,"28":2,"29":0,"30":2,"31":2,"32":1,"33":1,"34":0,"35":3,"36":1,"37":1,"38":1,"39":1,"40":0,"41":1,"42":1,"43":0,"44":1,"45":0,"46":1,"47":0,"48":1,"49":1,"50":1,"51":0,"52":1,"53":0,"54":1,"55":0,"56":0,"57":0,"58":1,"59":0,"60":0,"61":0,"62":1,"63":1,"64":0,"65":1,"66":0,"67":1,"68":1,"69":1,"70":0,"71":1,"72":0,"73":1,"74":0,"75":1,"76":1,"77":0,"78":0,"79":0,"80":3,"81":1,"82":1,"83":1,"84":1,"85":0,"86":1,"87":1,"88":0,"89":0,"90":0},"f":{"0":1,"1":1,"2":2,"3":1,"4":1},"b":{"0":[0,1],"1":[1,1,1,1],"2":[0,1],"3":[1,1],"4":[0,1],"5":[1,1,1],"6":[0,1],"7":[1,1,1,1],"8":[1,0],"9":[0,0],"10":[0,2],"11":[2,2],"12":[1,1],"13":[0,1],"14":[1,1],"15":[0,1],"16":[1,1,1,0,0,0],"17":[0,1],"18":[1,0,0],"19":[0,1],"20":[1,0,0],"21":[1,0],"22":[0,1],"23":[1,1,1],"24":[0,1],"25":[1,0],"26":[0,1],"27":[0,0],"28":[0,0],"29":[0,1],"30":[0,0],"31":[0,0],"32":[0,1],"33":[0,1],"34":[1,0],"35":[0,1],"36":[0,1],"37":[0,1],"38":[0,0],"39":[0,1],"40":[1,1],"41":[0,0]},"meta":{"lastBranch":42,"lastFunction":5,"lastStatement":91,"seen":{"s:3:30:68:1":0,"f:3:30:3:35":0,"s:4:2:67:Infinity":1,"s:6:6:6:14":2,"b:8:4:13:Infinity:undefined:undefined:undefined:undefined":0,"s:8:4:13:Infinity":3,"b:8:8:8:18:8:22:8:47:8:51:8:61:8:65:8:74":1,"s:9:6:12:Infinity":4,"b:15:4:20:Infinity:undefined:undefined:undefined:undefined":2,"s:15:4:20:Infinity":5,"b:15:8:15:37:15:41:15:64":3,"s:16:6:19:Infinity":6,"s:22:30:22:49":7,"b:23:4:32:Infinity:undefined:undefined:undefined:undefined":4,"s:23:4:32:Infinity":8,"b:24:6:24:42:25:6:25:27:26:6:26:Infinity":5,"s:28:6:31:Infinity":9,"s:34:28:34:45":10,"s:35:27:35:43":11,"b:37:4:47:Infinity:undefined:undefined:undefined:undefined":6,"s:37:4:47:Infinity":12,"b:38:6:38:40:39:6:39:26:40:6:40:39:41:6:41:Infinity":7,"s:43:6:46:Infinity":13,"s:49:21:55:6":14,"b:51:55:51:70:51:73:51:77":8,"s:57:4:57:Infinity":15,"b:59:4:63:Infinity:undefined:undefined:undefined:undefined":9,"s:59:4:63:Infinity":16,"s:60:6:62:Infinity":17,"s:64:4:66:Infinity":18,"s:70:28:83:1":19,"f:70:28:70:33":1,"s:71:2:82:Infinity":20,"s:72:22:72:65":21,"s:73:4:77:Infinity":22,"s:79:4:81:Infinity":23,"s:85:31:111:1":24,"f:85:31:85:36":2,"s:86:2:110:Infinity":25,"s:87:19:87:29":26,"s:88:21:88:31":27,"b:90:4:95:Infinity:undefined:undefined:undefined:undefined":10,"s:90:4:95:Infinity":28,"b:90:8:90:35:90:39:90:52":11,"s:91:6:94:Infinity":29,"s:97:21:97:75":30,"b:99:4:103:Infinity:undefined:undefined:undefined:undefined":12,"s:99:4:103:Infinity":31,"s:100:6:102:Infinity":32,"s:105:4:105:Infinity":33,"s:107:4:109:Infinity":34,"s:113:30:240:1":35,"f:113:30:113:35":3,"s:114:2:239:Infinity":36,"s:115:19:115:29":37,"s:116:21:116:31":38,"b:118:4:123:Infinity:undefined:undefined:undefined:undefined":13,"s:118:4:123:Infinity":39,"b:118:8:118:35:118:39:118:52":14,"s:119:6:122:Infinity":40,"s:132:8:132:16":41,"b:134:4:146:Infinity:undefined:undefined:undefined:undefined":15,"s:134:4:146:Infinity":42,"b:135:6:135:29:136:6:136:35:137:6:137:31:138:6:138:25:139:6:139:29:140:6:140:Infinity":16,"s:142:6:145:Infinity":43,"b:148:4:156:Infinity:undefined:undefined:undefined:undefined":17,"s:148:4:156:Infinity":44,"b:149:6:149:29:150:7:150:36:150:40:150:63":18,"s:152:6:155:Infinity":45,"b:158:4:167:Infinity:undefined:undefined:undefined:undefined":19,"s:158:4:167:Infinity":46,"b:159:6:159:35:160:6:160:30:161:6:161:Infinity":20,"s:163:6:166:Infinity":47,"b:170:4:182:Infinity:undefined:undefined:undefined:undefined":21,"s:170:4:182:Infinity":48,"s:171:6:171:Infinity":49,"b:172:6:181:Infinity:undefined:undefined:undefined:undefined":22,"s:172:6:181:Infinity":50,"b:173:8:173:44:174:8:174:29:175:8:175:Infinity":23,"s:177:8:180:Infinity":51,"b:184:4:189:Infinity:undefined:undefined:undefined:undefined":24,"s:184:4:189:Infinity":52,"b:184:8:184:27:184:31:184:57":25,"s:185:6:188:Infinity":53,"b:192:4:200:Infinity:undefined:undefined:undefined:undefined":26,"s:192:4:200:Infinity":54,"s:193:6:193:Infinity":55,"b:194:6:199:Infinity:undefined:undefined:undefined:undefined":27,"s:194:6:199:Infinity":56,"b:194:10:194:44:194:48:194:68":28,"s:195:8:198:Infinity":57,"b:203:4:211:Infinity:undefined:undefined:undefined:undefined":29,"s:203:4:211:Infinity":58,"s:204:6:204:Infinity":59,"b:205:6:210:Infinity:undefined:undefined:undefined:undefined":30,"s:205:6:210:Infinity":60,"b:205:10:205:43:205:47:205:66":31,"s:206:8:209:Infinity":61,"s:213:26:213:28":62,"b:214:4:214:Infinity:undefined:undefined:undefined:undefined":32,"s:214:4:214:Infinity":63,"s:214:33:214:Infinity":64,"b:215:4:216:Infinity:undefined:undefined:undefined:undefined":33,"s:215:4:216:Infinity":65,"s:216:6:216:Infinity":66,"b:217:4:218:Infinity:undefined:undefined:undefined:undefined":34,"s:217:4:218:Infinity":67,"s:218:6:218:Infinity":68,"b:219:4:219:Infinity:undefined:undefined:undefined:undefined":35,"s:219:4:219:Infinity":69,"s:219:29:219:Infinity":70,"b:220:4:221:Infinity:undefined:undefined:undefined:undefined":36,"s:220:4:221:Infinity":71,"s:221:6:221:Infinity":72,"b:222:4:222:Infinity:undefined:undefined:undefined:undefined":37,"s:222:4:222:Infinity":73,"s:222:38:222:Infinity":74,"s:224:28:227:5":75,"s:229:4:229:Infinity":76,"b:231:4:235:Infinity:undefined:undefined:undefined:undefined":38,"s:231:4:235:Infinity":77,"s:232:6:234:Infinity":78,"s:236:4:238:Infinity":79,"s:242:30:272:1":80,"f:242:30:242:35":4,"s:243:2:271:Infinity":81,"s:244:19:244:29":82,"s:245:21:245:31":83,"b:247:4:252:Infinity:undefined:undefined:undefined:undefined":39,"s:247:4:252:Infinity":84,"b:247:8:247:35:247:39:247:52":40,"s:248:6:251:Infinity":85,"s:255:6:255:59":86,"s:257:4:261:Infinity":87,"b:263:4:267:Infinity:undefined:undefined:undefined:undefined":41,"s:263:4:267:Infinity":88,"s:264:6:266:Infinity":89,"s:268:4:270:Infinity":90},"fnNames":{}}}
,"/workspaces/webII/src/controllers/subjectController.js": {"path":"/workspaces/webII/src/controllers/subjectController.js","statementMap":{"0":{"start":{"line":3,"column":25},"end":{"line":6,"column":1}},"1":{"start":{"line":4,"column":2},"end":{"line":4,"column":null}},"2":{"start":{"line":4,"column":30},"end":{"line":4,"column":null}},"3":{"start":{"line":5,"column":2},"end":{"line":5,"column":null}},"4":{"start":{"line":8,"column":29},"end":{"line":56,"column":1}},"5":{"start":{"line":9,"column":2},"end":{"line":55,"column":null}},"6":{"start":{"line":10,"column":41},"end":{"line":10,"column":49}},"7":{"start":{"line":12,"column":4},"end":{"line":17,"column":null}},"8":{"start":{"line":13,"column":6},"end":{"line":16,"column":null}},"9":{"start":{"line":19,"column":4},"end":{"line":24,"column":null}},"10":{"start":{"line":20,"column":6},"end":{"line":23,"column":null}},"11":{"start":{"line":26,"column":30},"end":{"line":26,"column":49}},"12":{"start":{"line":27,"column":4},"end":{"line":36,"column":null}},"13":{"start":{"line":32,"column":6},"end":{"line":35,"column":null}},"14":{"start":{"line":38,"column":20},"end":{"line":42,"column":6}},"15":{"start":{"line":44,"column":4},"end":{"line":44,"column":null}},"16":{"start":{"line":46,"column":4},"end":{"line":51,"column":null}},"17":{"start":{"line":47,"column":6},"end":{"line":50,"column":null}},"18":{"start":{"line":52,"column":4},"end":{"line":54,"column":null}},"19":{"start":{"line":58,"column":27},"end":{"line":71,"column":1}},"20":{"start":{"line":59,"column":2},"end":{"line":70,"column":null}},"21":{"start":{"line":60,"column":21},"end":{"line":60,"column":62}},"22":{"start":{"line":61,"column":4},"end":{"line":65,"column":null}},"23":{"start":{"line":67,"column":4},"end":{"line":69,"column":null}},"24":{"start":{"line":73,"column":30},"end":{"line":98,"column":1}},"25":{"start":{"line":74,"column":2},"end":{"line":97,"column":null}},"26":{"start":{"line":75,"column":19},"end":{"line":75,"column":29}},"27":{"start":{"line":77,"column":4},"end":{"line":82,"column":null}},"28":{"start":{"line":78,"column":6},"end":{"line":81,"column":null}},"29":{"start":{"line":84,"column":20},"end":{"line":84,"column":74}},"30":{"start":{"line":86,"column":4},"end":{"line":90,"column":null}},"31":{"start":{"line":87,"column":6},"end":{"line":89,"column":null}},"32":{"start":{"line":92,"column":4},"end":{"line":92,"column":null}},"33":{"start":{"line":94,"column":4},"end":{"line":96,"column":null}},"34":{"start":{"line":100,"column":29},"end":{"line":182,"column":1}},"35":{"start":{"line":101,"column":2},"end":{"line":181,"column":null}},"36":{"start":{"line":102,"column":19},"end":{"line":102,"column":29}},"37":{"start":{"line":104,"column":4},"end":{"line":114,"column":null}},"38":{"start":{"line":110,"column":6},"end":{"line":113,"column":null}},"39":{"start":{"line":116,"column":41},"end":{"line":116,"column":49}},"40":{"start":{"line":118,"column":4},"end":{"line":127,"column":null}},"41":{"start":{"line":123,"column":6},"end":{"line":126,"column":null}},"42":{"start":{"line":129,"column":4},"end":{"line":137,"column":null}},"43":{"start":{"line":133,"column":6},"end":{"line":136,"column":null}},"44":{"start":{"line":139,"column":4},"end":{"line":144,"column":null}},"45":{"start":{"line":140,"column":6},"end":{"line":143,"column":null}},"46":{"start":{"line":146,"column":28},"end":{"line":146,"column":39}},"47":{"start":{"line":147,"column":4},"end":{"line":159,"column":null}},"48":{"start":{"line":148,"column":6},"end":{"line":148,"column":null}},"49":{"start":{"line":149,"column":6},"end":{"line":158,"column":null}},"50":{"start":{"line":154,"column":8},"end":{"line":157,"column":null}},"51":{"start":{"line":161,"column":27},"end":{"line":168,"column":5}},"52":{"start":{"line":170,"column":4},"end":{"line":170,"column":null}},"53":{"start":{"line":172,"column":4},"end":{"line":177,"column":null}},"54":{"start":{"line":173,"column":6},"end":{"line":176,"column":null}},"55":{"start":{"line":178,"column":4},"end":{"line":180,"column":null}},"56":{"start":{"line":184,"column":29},"end":{"line":220,"column":1}},"57":{"start":{"line":185,"column":2},"end":{"line":219,"column":null}},"58":{"start":{"line":186,"column":19},"end":{"line":186,"column":29}},"59":{"start":{"line":188,"column":4},"end":{"line":198,"column":null}},"60":{"start":{"line":194,"column":6},"end":{"line":197,"column":null}},"61":{"start":{"line":200,"column":27},"end":{"line":202,"column":5}},"62":{"start":{"line":204,"column":4},"end":{"line":208,"column":null}},"63":{"start":{"line":210,"column":4},"end":{"line":215,"column":null}},"64":{"start":{"line":211,"column":6},"end":{"line":214,"column":null}},"65":{"start":{"line":216,"column":4},"end":{"line":218,"column":null}}},"fnMap":{"0":{"name":"(anonymous_0)","decl":{"start":{"line":3,"column":25},"end":{"line":3,"column":27}},"loc":{"start":{"line":3,"column":31},"end":{"line":6,"column":1}},"line":3},"1":{"name":"(anonymous_1)","decl":{"start":{"line":8,"column":29},"end":{"line":8,"column":34}},"loc":{"start":{"line":8,"column":49},"end":{"line":56,"column":1}},"line":8},"2":{"name":"(anonymous_2)","decl":{"start":{"line":58,"column":27},"end":{"line":58,"column":32}},"loc":{"start":{"line":58,"column":47},"end":{"line":71,"column":1}},"line":58},"3":{"name":"(anonymous_3)","decl":{"start":{"line":73,"column":30},"end":{"line":73,"column":35}},"loc":{"start":{"line":73,"column":50},"end":{"line":98,"column":1}},"line":73},"4":{"name":"(anonymous_4)","decl":{"start":{"line":100,"column":29},"end":{"line":100,"column":34}},"loc":{"start":{"line":100,"column":49},"end":{"line":182,"column":1}},"line":100},"5":{"name":"(anonymous_5)","decl":{"start":{"line":184,"column":29},"end":{"line":184,"column":34}},"loc":{"start":{"line":184,"column":49},"end":{"line":220,"column":1}},"line":184}},"branchMap":{"0":{"loc":{"start":{"line":4,"column":2},"end":{"line":4,"column":null}},"type":"if","locations":[{"start":{"line":4,"column":2},"end":{"line":4,"column":null}},{"start":{},"end":{}}],"line":4},"1":{"loc":{"start":{"line":5,"column":9},"end":{"line":5,"column":50}},"type":"binary-expr","locations":[{"start":{"line":5,"column":9},"end":{"line":5,"column":32}},{"start":{"line":5,"column":36},"end":{"line":5,"column":50}}],"line":5},"2":{"loc":{"start":{"line":12,"column":4},"end":{"line":17,"column":null}},"type":"if","locations":[{"start":{"line":12,"column":4},"end":{"line":17,"column":null}},{"start":{},"end":{}}],"line":12},"3":{"loc":{"start":{"line":12,"column":8},"end":{"line":12,"column":42}},"type":"binary-expr","locations":[{"start":{"line":12,"column":8},"end":{"line":12,"column":13}},{"start":{"line":12,"column":17},"end":{"line":12,"column":42}}],"line":12},"4":{"loc":{"start":{"line":19,"column":4},"end":{"line":24,"column":null}},"type":"if","locations":[{"start":{"line":19,"column":4},"end":{"line":24,"column":null}},{"start":{},"end":{}}],"line":19},"5":{"loc":{"start":{"line":19,"column":8},"end":{"line":19,"column":54}},"type":"binary-expr","locations":[{"start":{"line":19,"column":8},"end":{"line":19,"column":32}},{"start":{"line":19,"column":36},"end":{"line":19,"column":54}}],"line":19},"6":{"loc":{"start":{"line":27,"column":4},"end":{"line":36,"column":null}},"type":"if","locations":[{"start":{"line":27,"column":4},"end":{"line":36,"column":null}},{"start":{},"end":{}}],"line":27},"7":{"loc":{"start":{"line":28,"column":6},"end":{"line":30,"column":null}},"type":"binary-expr","locations":[{"start":{"line":28,"column":6},"end":{"line":28,"column":30}},{"start":{"line":29,"column":6},"end":{"line":29,"column":42}},{"start":{"line":30,"column":6},"end":{"line":30,"column":null}}],"line":28},"8":{"loc":{"start":{"line":46,"column":4},"end":{"line":51,"column":null}},"type":"if","locations":[{"start":{"line":46,"column":4},"end":{"line":51,"column":null}},{"start":{},"end":{}}],"line":46},"9":{"loc":{"start":{"line":77,"column":4},"end":{"line":82,"column":null}},"type":"if","locations":[{"start":{"line":77,"column":4},"end":{"line":82,"column":null}},{"start":{},"end":{}}],"line":77},"10":{"loc":{"start":{"line":86,"column":4},"end":{"line":90,"column":null}},"type":"if","locations":[{"start":{"line":86,"column":4},"end":{"line":90,"column":null}},{"start":{},"end":{}}],"line":86},"11":{"loc":{"start":{"line":104,"column":4},"end":{"line":114,"column":null}},"type":"if","locations":[{"start":{"line":104,"column":4},"end":{"line":114,"column":null}},{"start":{},"end":{}}],"line":104},"12":{"loc":{"start":{"line":105,"column":6},"end":{"line":108,"column":null}},"type":"binary-expr","locations":[{"start":{"line":105,"column":6},"end":{"line":105,"column":27}},{"start":{"line":106,"column":6},"end":{"line":106,"column":25}},{"start":{"line":107,"column":6},"end":{"line":107,"column":18}},{"start":{"line":108,"column":6},"end":{"line":108,"column":null}}],"line":105},"13":{"loc":{"start":{"line":118,"column":4},"end":{"line":127,"column":null}},"type":"if","locations":[{"start":{"line":118,"column":4},"end":{"line":127,"column":null}},{"start":{},"end":{}}],"line":118},"14":{"loc":{"start":{"line":119,"column":6},"end":{"line":121,"column":null}},"type":"binary-expr","locations":[{"start":{"line":119,"column":6},"end":{"line":119,"column":24}},{"start":{"line":120,"column":6},"end":{"line":120,"column":25}},{"start":{"line":121,"column":6},"end":{"line":121,"column":null}}],"line":119},"15":{"loc":{"start":{"line":129,"column":4},"end":{"line":137,"column":null}},"type":"if","locations":[{"start":{"line":129,"column":4},"end":{"line":137,"column":null}},{"start":{},"end":{}}],"line":129},"16":{"loc":{"start":{"line":130,"column":6},"end":{"line":131,"column":null}},"type":"binary-expr","locations":[{"start":{"line":130,"column":6},"end":{"line":130,"column":24}},{"start":{"line":131,"column":7},"end":{"line":131,"column":31}},{"start":{"line":131,"column":35},"end":{"line":131,"column":53}}],"line":130},"17":{"loc":{"start":{"line":139,"column":4},"end":{"line":144,"column":null}},"type":"if","locations":[{"start":{"line":139,"column":4},"end":{"line":144,"column":null}},{"start":{},"end":{}}],"line":139},"18":{"loc":{"start":{"line":139,"column":8},"end":{"line":139,"column":57}},"type":"binary-expr","locations":[{"start":{"line":139,"column":8},"end":{"line":139,"column":27}},{"start":{"line":139,"column":31},"end":{"line":139,"column":57}}],"line":139},"19":{"loc":{"start":{"line":147,"column":4},"end":{"line":159,"column":null}},"type":"if","locations":[{"start":{"line":147,"column":4},"end":{"line":159,"column":null}},{"start":{},"end":{}}],"line":147},"20":{"loc":{"start":{"line":149,"column":6},"end":{"line":158,"column":null}},"type":"if","locations":[{"start":{"line":149,"column":6},"end":{"line":158,"column":null}},{"start":{},"end":{}}],"line":149},"21":{"loc":{"start":{"line":150,"column":8},"end":{"line":152,"column":null}},"type":"binary-expr","locations":[{"start":{"line":150,"column":8},"end":{"line":150,"column":32}},{"start":{"line":151,"column":8},"end":{"line":151,"column":44}},{"start":{"line":152,"column":8},"end":{"line":152,"column":null}}],"line":150},"22":{"loc":{"start":{"line":164,"column":14},"end":{"line":164,"column":58}},"type":"cond-expr","locations":[{"start":{"line":164,"column":35},"end":{"line":164,"column":46}},{"start":{"line":164,"column":49},"end":{"line":164,"column":58}}],"line":164},"23":{"loc":{"start":{"line":172,"column":4},"end":{"line":177,"column":null}},"type":"if","locations":[{"start":{"line":172,"column":4},"end":{"line":177,"column":null}},{"start":{},"end":{}}],"line":172},"24":{"loc":{"start":{"line":188,"column":4},"end":{"line":198,"column":null}},"type":"if","locations":[{"start":{"line":188,"column":4},"end":{"line":198,"column":null}},{"start":{},"end":{}}],"line":188},"25":{"loc":{"start":{"line":189,"column":6},"end":{"line":192,"column":null}},"type":"binary-expr","locations":[{"start":{"line":189,"column":6},"end":{"line":189,"column":27}},{"start":{"line":190,"column":6},"end":{"line":190,"column":25}},{"start":{"line":191,"column":6},"end":{"line":191,"column":18}},{"start":{"line":192,"column":6},"end":{"line":192,"column":null}}],"line":189},"26":{"loc":{"start":{"line":210,"column":4},"end":{"line":215,"column":null}},"type":"if","locations":[{"start":{"line":210,"column":4},"end":{"line":215,"column":null}},{"start":{},"end":{}}],"line":210}},"s":{"0":3,"1":17,"2":0,"3":17,"4":3,"5":2,"6":2,"7":2,"8":0,"9":2,"10":0,"11":2,"12":2,"13":0,"14":2,"15":1,"16":1,"17":1,"18":0,"19":3,"20":1,"21":1,"22":1,"23":0,"24":3,"25":2,"26":2,"27":2,"28":0,"29":2,"30":2,"31":1,"32":1,"33":0,"34":3,"35":9,"36":9,"37":9,"38":2,"39":7,"40":7,"41":2,"42":5,"43":1,"44":4,"45":1,"46":3,"47":3,"48":1,"49":1,"50":0,"51":3,"52":2,"53":1,"54":1,"55":0,"56":3,"57":6,"58":6,"59":6,"60":1,"61":5,"62":2,"63":3,"64":3,"65":0},"f":{"0":17,"1":2,"2":1,"3":2,"4":9,"5":6},"b":{"0":[0,17],"1":[17,14],"2":[0,2],"3":[2,2],"4":[0,2],"5":[2,2],"6":[0,2],"7":[2,2,2],"8":[1,0],"9":[0,2],"10":[1,1],"11":[2,7],"12":[9,7,7,7],"13":[2,5],"14":[7,5,3],"15":[1,4],"16":[5,2,2],"17":[1,3],"18":[4,3],"19":[1,2],"20":[0,1],"21":[1,1,1],"22":[1,2],"23":[1,0],"24":[1,5],"25":[6,5,5,5],"26":[3,0]},"meta":{"lastBranch":27,"lastFunction":6,"lastStatement":66,"seen":{"s:3:25:6:1":0,"f:3:25:3:27":0,"b:4:2:4:Infinity:undefined:undefined:undefined:undefined":0,"s:4:2:4:Infinity":1,"s:4:30:4:Infinity":2,"s:5:2:5:Infinity":3,"b:5:9:5:32:5:36:5:50":1,"s:8:29:56:1":4,"f:8:29:8:34":1,"s:9:2:55:Infinity":5,"s:10:41:10:49":6,"b:12:4:17:Infinity:undefined:undefined:undefined:undefined":2,"s:12:4:17:Infinity":7,"b:12:8:12:13:12:17:12:42":3,"s:13:6:16:Infinity":8,"b:19:4:24:Infinity:undefined:undefined:undefined:undefined":4,"s:19:4:24:Infinity":9,"b:19:8:19:32:19:36:19:54":5,"s:20:6:23:Infinity":10,"s:26:30:26:49":11,"b:27:4:36:Infinity:undefined:undefined:undefined:undefined":6,"s:27:4:36:Infinity":12,"b:28:6:28:30:29:6:29:42:30:6:30:Infinity":7,"s:32:6:35:Infinity":13,"s:38:20:42:6":14,"s:44:4:44:Infinity":15,"b:46:4:51:Infinity:undefined:undefined:undefined:undefined":8,"s:46:4:51:Infinity":16,"s:47:6:50:Infinity":17,"s:52:4:54:Infinity":18,"s:58:27:71:1":19,"f:58:27:58:32":2,"s:59:2:70:Infinity":20,"s:60:21:60:62":21,"s:61:4:65:Infinity":22,"s:67:4:69:Infinity":23,"s:73:30:98:1":24,"f:73:30:73:35":3,"s:74:2:97:Infinity":25,"s:75:19:75:29":26,"b:77:4:82:Infinity:undefined:undefined:undefined:undefined":9,"s:77:4:82:Infinity":27,"s:78:6:81:Infinity":28,"s:84:20:84:74":29,"b:86:4:90:Infinity:undefined:undefined:undefined:undefined":10,"s:86:4:90:Infinity":30,"s:87:6:89:Infinity":31,"s:92:4:92:Infinity":32,"s:94:4:96:Infinity":33,"s:100:29:182:1":34,"f:100:29:100:34":4,"s:101:2:181:Infinity":35,"s:102:19:102:29":36,"b:104:4:114:Infinity:undefined:undefined:undefined:undefined":11,"s:104:4:114:Infinity":37,"b:105:6:105:27:106:6:106:25:107:6:107:18:108:6:108:Infinity":12,"s:110:6:113:Infinity":38,"s:116:41:116:49":39,"b:118:4:127:Infinity:undefined:undefined:undefined:undefined":13,"s:118:4:127:Infinity":40,"b:119:6:119:24:120:6:120:25:121:6:121:Infinity":14,"s:123:6:126:Infinity":41,"b:129:4:137:Infinity:undefined:undefined:undefined:undefined":15,"s:129:4:137:Infinity":42,"b:130:6:130:24:131:7:131:31:131:35:131:53":16,"s:133:6:136:Infinity":43,"b:139:4:144:Infinity:undefined:undefined:undefined:undefined":17,"s:139:4:144:Infinity":44,"b:139:8:139:27:139:31:139:57":18,"s:140:6:143:Infinity":45,"s:146:28:146:39":46,"b:147:4:159:Infinity:undefined:undefined:undefined:undefined":19,"s:147:4:159:Infinity":47,"s:148:6:148:Infinity":48,"b:149:6:158:Infinity:undefined:undefined:undefined:undefined":20,"s:149:6:158:Infinity":49,"b:150:8:150:32:151:8:151:44:152:8:152:Infinity":21,"s:154:8:157:Infinity":50,"s:161:27:168:5":51,"b:164:35:164:46:164:49:164:58":22,"s:170:4:170:Infinity":52,"b:172:4:177:Infinity:undefined:undefined:undefined:undefined":23,"s:172:4:177:Infinity":53,"s:173:6:176:Infinity":54,"s:178:4:180:Infinity":55,"s:184:29:220:1":56,"f:184:29:184:34":5,"s:185:2:219:Infinity":57,"s:186:19:186:29":58,"b:188:4:198:Infinity:undefined:undefined:undefined:undefined":24,"s:188:4:198:Infinity":59,"b:189:6:189:27:190:6:190:25:191:6:191:18:192:6:192:Infinity":25,"s:194:6:197:Infinity":60,"s:200:27:202:5":61,"s:204:4:208:Infinity":62,"b:210:4:215:Infinity:undefined:undefined:undefined:undefined":26,"s:210:4:215:Infinity":63,"s:211:6:214:Infinity":64,"s:216:4:218:Infinity":65},"fnNames":{}}}
,"/workspaces/webII/src/controllers/userController.js": {"path":"/workspaces/webII/src/controllers/userController.js","statementMap":{"0":{"start":{"line":3,"column":27},"end":{"line":3,"column":61}},"1":{"start":{"line":4,"column":19},"end":{"line":4,"column":41}},"2":{"start":{"line":12,"column":17},"end":{"line":12,"column":30}},"3":{"start":{"line":13,"column":2},"end":{"line":13,"column":null}},"4":{"start":{"line":22,"column":2},"end":{"line":22,"column":null}},"5":{"start":{"line":22,"column":42},"end":{"line":22,"column":68}},"6":{"start":{"line":31,"column":2},"end":{"line":36,"column":null}},"7":{"start":{"line":45,"column":22},"end":{"line":84,"column":1}},"8":{"start":{"line":46,"column":2},"end":{"line":83,"column":null}},"9":{"start":{"line":47,"column":41},"end":{"line":47,"column":49}},"10":{"start":{"line":49,"column":4},"end":{"line":61,"column":null}},"11":{"start":{"line":56,"column":6},"end":{"line":60,"column":null}},"12":{"start":{"line":63,"column":19},"end":{"line":63,"column":77}},"13":{"start":{"line":65,"column":4},"end":{"line":70,"column":null}},"14":{"start":{"line":66,"column":6},"end":{"line":69,"column":null}},"15":{"start":{"line":72,"column":4},"end":{"line":76,"column":null}},"16":{"start":{"line":78,"column":4},"end":{"line":78,"column":null}},"17":{"start":{"line":79,"column":4},"end":{"line":82,"column":null}},"18":{"start":{"line":92,"column":22},"end":{"line":108,"column":1}},"19":{"start":{"line":93,"column":2},"end":{"line":107,"column":null}},"20":{"start":{"line":94,"column":21},"end":{"line":94,"column":52}},"21":{"start":{"line":96,"column":4},"end":{"line":100,"column":null}},"22":{"start":{"line":102,"column":4},"end":{"line":102,"column":null}},"23":{"start":{"line":103,"column":4},"end":{"line":106,"column":null}},"24":{"start":{"line":116,"column":23},"end":{"line":147,"column":1}},"25":{"start":{"line":117,"column":2},"end":{"line":146,"column":null}},"26":{"start":{"line":118,"column":19},"end":{"line":118,"column":47}},"27":{"start":{"line":120,"column":4},"end":{"line":125,"column":null}},"28":{"start":{"line":121,"column":6},"end":{"line":124,"column":null}},"29":{"start":{"line":127,"column":20},"end":{"line":127,"column":57}},"30":{"start":{"line":129,"column":4},"end":{"line":134,"column":null}},"31":{"start":{"line":130,"column":6},"end":{"line":133,"column":null}},"32":{"start":{"line":136,"column":4},"end":{"line":139,"column":null}},"33":{"start":{"line":141,"column":4},"end":{"line":141,"column":null}},"34":{"start":{"line":142,"column":4},"end":{"line":145,"column":null}},"35":{"start":{"line":155,"column":22},"end":{"line":201,"column":1}},"36":{"start":{"line":156,"column":2},"end":{"line":200,"column":null}},"37":{"start":{"line":157,"column":19},"end":{"line":157,"column":47}},"38":{"start":{"line":159,"column":4},"end":{"line":164,"column":null}},"39":{"start":{"line":160,"column":6},"end":{"line":163,"column":null}},"40":{"start":{"line":166,"column":4},"end":{"line":171,"column":null}},"41":{"start":{"line":167,"column":6},"end":{"line":170,"column":null}},"42":{"start":{"line":173,"column":19},"end":{"line":173,"column":65}},"43":{"start":{"line":175,"column":4},"end":{"line":180,"column":null}},"44":{"start":{"line":176,"column":6},"end":{"line":179,"column":null}},"45":{"start":{"line":182,"column":4},"end":{"line":187,"column":null}},"46":{"start":{"line":183,"column":6},"end":{"line":186,"column":null}},"47":{"start":{"line":189,"column":4},"end":{"line":193,"column":null}},"48":{"start":{"line":195,"column":4},"end":{"line":195,"column":null}},"49":{"start":{"line":196,"column":4},"end":{"line":199,"column":null}},"50":{"start":{"line":209,"column":22},"end":{"line":248,"column":1}},"51":{"start":{"line":210,"column":2},"end":{"line":247,"column":null}},"52":{"start":{"line":211,"column":19},"end":{"line":211,"column":47}},"53":{"start":{"line":213,"column":4},"end":{"line":218,"column":null}},"54":{"start":{"line":214,"column":6},"end":{"line":217,"column":null}},"55":{"start":{"line":220,"column":19},"end":{"line":220,"column":55}},"56":{"start":{"line":222,"column":4},"end":{"line":227,"column":null}},"57":{"start":{"line":223,"column":6},"end":{"line":226,"column":null}},"58":{"start":{"line":229,"column":4},"end":{"line":234,"column":null}},"59":{"start":{"line":230,"column":6},"end":{"line":233,"column":null}},"60":{"start":{"line":236,"column":4},"end":{"line":240,"column":null}},"61":{"start":{"line":242,"column":4},"end":{"line":242,"column":null}},"62":{"start":{"line":243,"column":4},"end":{"line":246,"column":null}}},"fnMap":{"0":{"name":"toPositiveInt","decl":{"start":{"line":11,"column":9},"end":{"line":11,"column":22}},"loc":{"start":{"line":11,"column":30},"end":{"line":14,"column":null}},"line":11},"1":{"name":"hasAllowedPatchField","decl":{"start":{"line":21,"column":9},"end":{"line":21,"column":29}},"loc":{"start":{"line":21,"column":36},"end":{"line":23,"column":null}},"line":21},"2":{"name":"(anonymous_2)","decl":{"start":{"line":22,"column":33},"end":{"line":22,"column":38}},"loc":{"start":{"line":22,"column":42},"end":{"line":22,"column":68}},"line":22},"3":{"name":"hasInvalidUserFields","decl":{"start":{"line":30,"column":9},"end":{"line":30,"column":29}},"loc":{"start":{"line":30,"column":60},"end":{"line":37,"column":null}},"line":30},"4":{"name":"(anonymous_4)","decl":{"start":{"line":45,"column":22},"end":{"line":45,"column":27}},"loc":{"start":{"line":45,"column":42},"end":{"line":84,"column":1}},"line":45},"5":{"name":"(anonymous_5)","decl":{"start":{"line":92,"column":22},"end":{"line":92,"column":27}},"loc":{"start":{"line":92,"column":43},"end":{"line":108,"column":1}},"line":92},"6":{"name":"(anonymous_6)","decl":{"start":{"line":116,"column":23},"end":{"line":116,"column":28}},"loc":{"start":{"line":116,"column":43},"end":{"line":147,"column":1}},"line":116},"7":{"name":"(anonymous_7)","decl":{"start":{"line":155,"column":22},"end":{"line":155,"column":27}},"loc":{"start":{"line":155,"column":42},"end":{"line":201,"column":1}},"line":155},"8":{"name":"(anonymous_8)","decl":{"start":{"line":209,"column":22},"end":{"line":209,"column":27}},"loc":{"start":{"line":209,"column":42},"end":{"line":248,"column":1}},"line":209}},"branchMap":{"0":{"loc":{"start":{"line":13,"column":9},"end":{"line":13,"column":63}},"type":"cond-expr","locations":[{"start":{"line":13,"column":50},"end":{"line":13,"column":56}},{"start":{"line":13,"column":59},"end":{"line":13,"column":63}}],"line":13},"1":{"loc":{"start":{"line":13,"column":9},"end":{"line":13,"column":47}},"type":"binary-expr","locations":[{"start":{"line":13,"column":9},"end":{"line":13,"column":33}},{"start":{"line":13,"column":37},"end":{"line":13,"column":47}}],"line":13},"2":{"loc":{"start":{"line":32,"column":4},"end":{"line":35,"column":null}},"type":"binary-expr","locations":[{"start":{"line":32,"column":5},"end":{"line":32,"column":23}},{"start":{"line":32,"column":28},"end":{"line":32,"column":52}},{"start":{"line":32,"column":56},"end":{"line":32,"column":68}},{"start":{"line":33,"column":5},"end":{"line":33,"column":24}},{"start":{"line":33,"column":29},"end":{"line":33,"column":54}},{"start":{"line":33,"column":58},"end":{"line":33,"column":71}},{"start":{"line":34,"column":5},"end":{"line":34,"column":24}},{"start":{"line":34,"column":28},"end":{"line":34,"column":55}},{"start":{"line":35,"column":5},"end":{"line":35,"column":23}},{"start":{"line":35,"column":27},"end":{"line":35,"column":40}},{"start":{"line":35,"column":44},"end":{"line":35,"column":68}}],"line":32},"3":{"loc":{"start":{"line":49,"column":4},"end":{"line":61,"column":null}},"type":"if","locations":[{"start":{"line":49,"column":4},"end":{"line":61,"column":null}},{"start":{},"end":{}}],"line":49},"4":{"loc":{"start":{"line":50,"column":6},"end":{"line":54,"column":null}},"type":"binary-expr","locations":[{"start":{"line":50,"column":6},"end":{"line":50,"column":30}},{"start":{"line":51,"column":6},"end":{"line":51,"column":18}},{"start":{"line":52,"column":6},"end":{"line":52,"column":31}},{"start":{"line":53,"column":6},"end":{"line":53,"column":19}},{"start":{"line":54,"column":6},"end":{"line":54,"column":null}}],"line":50},"5":{"loc":{"start":{"line":65,"column":4},"end":{"line":70,"column":null}},"type":"if","locations":[{"start":{"line":65,"column":4},"end":{"line":70,"column":null}},{"start":{},"end":{}}],"line":65},"6":{"loc":{"start":{"line":65,"column":8},"end":{"line":65,"column":56}},"type":"binary-expr","locations":[{"start":{"line":65,"column":8},"end":{"line":65,"column":18}},{"start":{"line":65,"column":22},"end":{"line":65,"column":56}}],"line":65},"7":{"loc":{"start":{"line":120,"column":4},"end":{"line":125,"column":null}},"type":"if","locations":[{"start":{"line":120,"column":4},"end":{"line":125,"column":null}},{"start":{},"end":{}}],"line":120},"8":{"loc":{"start":{"line":129,"column":4},"end":{"line":134,"column":null}},"type":"if","locations":[{"start":{"line":129,"column":4},"end":{"line":134,"column":null}},{"start":{},"end":{}}],"line":129},"9":{"loc":{"start":{"line":159,"column":4},"end":{"line":164,"column":null}},"type":"if","locations":[{"start":{"line":159,"column":4},"end":{"line":164,"column":null}},{"start":{},"end":{}}],"line":159},"10":{"loc":{"start":{"line":166,"column":4},"end":{"line":171,"column":null}},"type":"if","locations":[{"start":{"line":166,"column":4},"end":{"line":171,"column":null}},{"start":{},"end":{}}],"line":166},"11":{"loc":{"start":{"line":166,"column":8},"end":{"line":166,"column":73}},"type":"binary-expr","locations":[{"start":{"line":166,"column":8},"end":{"line":166,"column":39}},{"start":{"line":166,"column":43},"end":{"line":166,"column":73}}],"line":166},"12":{"loc":{"start":{"line":175,"column":4},"end":{"line":180,"column":null}},"type":"if","locations":[{"start":{"line":175,"column":4},"end":{"line":180,"column":null}},{"start":{},"end":{}}],"line":175},"13":{"loc":{"start":{"line":175,"column":8},"end":{"line":175,"column":51}},"type":"binary-expr","locations":[{"start":{"line":175,"column":8},"end":{"line":175,"column":18}},{"start":{"line":175,"column":22},"end":{"line":175,"column":51}}],"line":175},"14":{"loc":{"start":{"line":182,"column":4},"end":{"line":187,"column":null}},"type":"if","locations":[{"start":{"line":182,"column":4},"end":{"line":187,"column":null}},{"start":{},"end":{}}],"line":182},"15":{"loc":{"start":{"line":182,"column":8},"end":{"line":182,"column":56}},"type":"binary-expr","locations":[{"start":{"line":182,"column":8},"end":{"line":182,"column":18}},{"start":{"line":182,"column":22},"end":{"line":182,"column":56}}],"line":182},"16":{"loc":{"start":{"line":213,"column":4},"end":{"line":218,"column":null}},"type":"if","locations":[{"start":{"line":213,"column":4},"end":{"line":218,"column":null}},{"start":{},"end":{}}],"line":213},"17":{"loc":{"start":{"line":222,"column":4},"end":{"line":227,"column":null}},"type":"if","locations":[{"start":{"line":222,"column":4},"end":{"line":227,"column":null}},{"start":{},"end":{}}],"line":222},"18":{"loc":{"start":{"line":222,"column":8},"end":{"line":222,"column":51}},"type":"binary-expr","locations":[{"start":{"line":222,"column":8},"end":{"line":222,"column":18}},{"start":{"line":222,"column":22},"end":{"line":222,"column":51}}],"line":222},"19":{"loc":{"start":{"line":229,"column":4},"end":{"line":234,"column":null}},"type":"if","locations":[{"start":{"line":229,"column":4},"end":{"line":234,"column":null}},{"start":{},"end":{}}],"line":229},"20":{"loc":{"start":{"line":229,"column":8},"end":{"line":229,"column":53}},"type":"binary-expr","locations":[{"start":{"line":229,"column":8},"end":{"line":229,"column":18}},{"start":{"line":229,"column":22},"end":{"line":229,"column":53}}],"line":229}},"s":{"0":3,"1":3,"2":9,"3":9,"4":3,"5":7,"6":12,"7":3,"8":10,"9":10,"10":10,"11":0,"12":10,"13":10,"14":1,"15":9,"16":0,"17":0,"18":3,"19":1,"20":1,"21":1,"22":0,"23":0,"24":3,"25":4,"26":4,"27":4,"28":1,"29":3,"30":3,"31":2,"32":1,"33":0,"34":0,"35":3,"36":3,"37":3,"38":3,"39":0,"40":3,"41":1,"42":2,"43":2,"44":0,"45":2,"46":1,"47":1,"48":0,"49":0,"50":3,"51":2,"52":2,"53":2,"54":0,"55":2,"56":2,"57":0,"58":2,"59":1,"60":1,"61":0,"62":0},"f":{"0":9,"1":3,"2":7,"3":12,"4":10,"5":1,"6":4,"7":3,"8":2},"b":{"0":[8,1],"1":[9,8],"2":[12,11,11,12,11,11,12,0,12,0,0],"3":[0,10],"4":[10,10,10,10,10],"5":[1,9],"6":[10,1],"7":[1,3],"8":[2,1],"9":[0,3],"10":[1,2],"11":[3,2],"12":[0,2],"13":[2,1],"14":[1,1],"15":[2,1],"16":[0,2],"17":[0,2],"18":[2,1],"19":[1,1],"20":[2,1]},"meta":{"lastBranch":21,"lastFunction":9,"lastStatement":63,"seen":{"s:3:27:3:61":0,"s:4:19:4:41":1,"f:11:9:11:22":0,"s:12:17:12:30":2,"s:13:2:13:Infinity":3,"b:13:50:13:56:13:59:13:63":0,"b:13:9:13:33:13:37:13:47":1,"f:21:9:21:29":1,"s:22:2:22:Infinity":4,"f:22:33:22:38":2,"s:22:42:22:68":5,"f:30:9:30:29":3,"s:31:2:36:Infinity":6,"b:32:5:32:23:32:28:32:52:32:56:32:68:33:5:33:24:33:29:33:54:33:58:33:71:34:5:34:24:34:28:34:55:35:5:35:23:35:27:35:40:35:44:35:68":2,"s:45:22:84:1":7,"f:45:22:45:27":4,"s:46:2:83:Infinity":8,"s:47:41:47:49":9,"b:49:4:61:Infinity:undefined:undefined:undefined:undefined":3,"s:49:4:61:Infinity":10,"b:50:6:50:30:51:6:51:18:52:6:52:31:53:6:53:19:54:6:54:Infinity":4,"s:56:6:60:Infinity":11,"s:63:19:63:77":12,"b:65:4:70:Infinity:undefined:undefined:undefined:undefined":5,"s:65:4:70:Infinity":13,"b:65:8:65:18:65:22:65:56":6,"s:66:6:69:Infinity":14,"s:72:4:76:Infinity":15,"s:78:4:78:Infinity":16,"s:79:4:82:Infinity":17,"s:92:22:108:1":18,"f:92:22:92:27":5,"s:93:2:107:Infinity":19,"s:94:21:94:52":20,"s:96:4:100:Infinity":21,"s:102:4:102:Infinity":22,"s:103:4:106:Infinity":23,"s:116:23:147:1":24,"f:116:23:116:28":6,"s:117:2:146:Infinity":25,"s:118:19:118:47":26,"b:120:4:125:Infinity:undefined:undefined:undefined:undefined":7,"s:120:4:125:Infinity":27,"s:121:6:124:Infinity":28,"s:127:20:127:57":29,"b:129:4:134:Infinity:undefined:undefined:undefined:undefined":8,"s:129:4:134:Infinity":30,"s:130:6:133:Infinity":31,"s:136:4:139:Infinity":32,"s:141:4:141:Infinity":33,"s:142:4:145:Infinity":34,"s:155:22:201:1":35,"f:155:22:155:27":7,"s:156:2:200:Infinity":36,"s:157:19:157:47":37,"b:159:4:164:Infinity:undefined:undefined:undefined:undefined":9,"s:159:4:164:Infinity":38,"s:160:6:163:Infinity":39,"b:166:4:171:Infinity:undefined:undefined:undefined:undefined":10,"s:166:4:171:Infinity":40,"b:166:8:166:39:166:43:166:73":11,"s:167:6:170:Infinity":41,"s:173:19:173:65":42,"b:175:4:180:Infinity:undefined:undefined:undefined:undefined":12,"s:175:4:180:Infinity":43,"b:175:8:175:18:175:22:175:51":13,"s:176:6:179:Infinity":44,"b:182:4:187:Infinity:undefined:undefined:undefined:undefined":14,"s:182:4:187:Infinity":45,"b:182:8:182:18:182:22:182:56":15,"s:183:6:186:Infinity":46,"s:189:4:193:Infinity":47,"s:195:4:195:Infinity":48,"s:196:4:199:Infinity":49,"s:209:22:248:1":50,"f:209:22:209:27":8,"s:210:2:247:Infinity":51,"s:211:19:211:47":52,"b:213:4:218:Infinity:undefined:undefined:undefined:undefined":16,"s:213:4:218:Infinity":53,"s:214:6:217:Infinity":54,"s:220:19:220:55":55,"b:222:4:227:Infinity:undefined:undefined:undefined:undefined":17,"s:222:4:227:Infinity":56,"b:222:8:222:18:222:22:222:51":18,"s:223:6:226:Infinity":57,"b:229:4:234:Infinity:undefined:undefined:undefined:undefined":19,"s:229:4:234:Infinity":58,"b:229:8:229:18:229:22:229:53":20,"s:230:6:233:Infinity":59,"s:236:4:240:Infinity":60,"s:242:4:242:Infinity":61,"s:243:4:246:Infinity":62},"fnNames":{}}}
,"/workspaces/webII/src/routes/questionRoutes.js": {"path":"/workspaces/webII/src/routes/questionRoutes.js","statementMap":{"0":{"start":{"line":10,"column":15},"end":{"line":10,"column":23}},"1":{"start":{"line":12,"column":0},"end":{"line":12,"column":null}},"2":{"start":{"line":13,"column":0},"end":{"line":13,"column":null}},"3":{"start":{"line":14,"column":0},"end":{"line":14,"column":null}},"4":{"start":{"line":15,"column":0},"end":{"line":15,"column":null}},"5":{"start":{"line":16,"column":0},"end":{"line":16,"column":null}}},"fnMap":{},"branchMap":{},"s":{"0":3,"1":3,"2":3,"3":3,"4":3,"5":3},"f":{},"b":{},"meta":{"lastBranch":0,"lastFunction":0,"lastStatement":6,"seen":{"s:10:15:10:23":0,"s:12:0:12:Infinity":1,"s:13:0:13:Infinity":2,"s:14:0:14:Infinity":3,"s:15:0:15:Infinity":4,"s:16:0:16:Infinity":5},"fnNames":{}}}
,"/workspaces/webII/src/routes/subjectRoutes.js": {"path":"/workspaces/webII/src/routes/subjectRoutes.js","statementMap":{"0":{"start":{"line":10,"column":15},"end":{"line":10,"column":23}},"1":{"start":{"line":12,"column":0},"end":{"line":12,"column":null}},"2":{"start":{"line":13,"column":0},"end":{"line":13,"column":null}},"3":{"start":{"line":14,"column":0},"end":{"line":14,"column":null}},"4":{"start":{"line":15,"column":0},"end":{"line":15,"column":null}},"5":{"start":{"line":16,"column":0},"end":{"line":16,"column":null}}},"fnMap":{},"branchMap":{},"s":{"0":3,"1":3,"2":3,"3":3,"4":3,"5":3},"f":{},"b":{},"meta":{"lastBranch":0,"lastFunction":0,"lastStatement":6,"seen":{"s:10:15:10:23":0,"s:12:0:12:Infinity":1,"s:13:0:13:Infinity":2,"s:14:0:14:Infinity":3,"s:15:0:15:Infinity":4,"s:16:0:16:Infinity":5},"fnNames":{}}}
,"/workspaces/webII/src/routes/userRoutes.js": {"path":"/workspaces/webII/src/routes/userRoutes.js","statementMap":{"0":{"start":{"line":4,"column":15},"end":{"line":4,"column":31}},"1":{"start":{"line":6,"column":0},"end":{"line":6,"column":null}},"2":{"start":{"line":7,"column":0},"end":{"line":7,"column":null}},"3":{"start":{"line":8,"column":0},"end":{"line":8,"column":null}},"4":{"start":{"line":9,"column":0},"end":{"line":9,"column":null}},"5":{"start":{"line":10,"column":0},"end":{"line":10,"column":null}}},"fnMap":{},"branchMap":{},"s":{"0":3,"1":3,"2":3,"3":3,"4":3,"5":3},"f":{},"b":{},"meta":{"lastBranch":0,"lastFunction":0,"lastStatement":6,"seen":{"s:4:15:4:31":0,"s:6:0:6:Infinity":1,"s:7:0:7:Infinity":2,"s:8:0:8:Infinity":3,"s:9:0:9:Infinity":4,"s:10:0:10:Infinity":5},"fnNames":{}}}
,"/workspaces/webII/src/services/questionService.js": {"path":"/workspaces/webII/src/services/questionService.js","statementMap":{"0":{"start":{"line":4,"column":25},"end":{"line":9,"column":1}},"1":{"start":{"line":11,"column":37},"end":{"line":35,"column":1}},"2":{"start":{"line":12,"column":75},"end":{"line":12,"column":79}},"3":{"start":{"line":14,"column":28},"end":{"line":17,"column":4}},"4":{"start":{"line":19,"column":2},"end":{"line":23,"column":null}},"5":{"start":{"line":20,"column":18},"end":{"line":20,"column":63}},"6":{"start":{"line":21,"column":4},"end":{"line":21,"column":null}},"7":{"start":{"line":22,"column":4},"end":{"line":22,"column":null}},"8":{"start":{"line":25,"column":2},"end":{"line":34,"column":null}},"9":{"start":{"line":37,"column":35},"end":{"line":41,"column":1}},"10":{"start":{"line":38,"column":2},"end":{"line":40,"column":null}},"11":{"start":{"line":43,"column":38},"end":{"line":48,"column":1}},"12":{"start":{"line":44,"column":2},"end":{"line":47,"column":null}},"13":{"start":{"line":50,"column":37},"end":{"line":89,"column":1}},"14":{"start":{"line":51,"column":20},"end":{"line":51,"column":30}},"15":{"start":{"line":53,"column":27},"end":{"line":55,"column":4}},"16":{"start":{"line":56,"column":2},"end":{"line":60,"column":null}},"17":{"start":{"line":57,"column":18},"end":{"line":57,"column":54}},"18":{"start":{"line":58,"column":4},"end":{"line":58,"column":null}},"19":{"start":{"line":59,"column":4},"end":{"line":59,"column":null}},"20":{"start":{"line":62,"column":2},"end":{"line":71,"column":null}},"21":{"start":{"line":63,"column":20},"end":{"line":65,"column":6}},"22":{"start":{"line":66,"column":4},"end":{"line":70,"column":null}},"23":{"start":{"line":67,"column":20},"end":{"line":67,"column":56}},"24":{"start":{"line":68,"column":6},"end":{"line":68,"column":null}},"25":{"start":{"line":69,"column":6},"end":{"line":69,"column":null}},"26":{"start":{"line":73,"column":2},"end":{"line":82,"column":null}},"27":{"start":{"line":74,"column":19},"end":{"line":76,"column":6}},"28":{"start":{"line":77,"column":4},"end":{"line":81,"column":null}},"29":{"start":{"line":78,"column":20},"end":{"line":78,"column":54}},"30":{"start":{"line":79,"column":6},"end":{"line":79,"column":null}},"31":{"start":{"line":80,"column":6},"end":{"line":80,"column":null}},"32":{"start":{"line":84,"column":2},"end":{"line":88,"column":null}},"33":{"start":{"line":91,"column":37},"end":{"line":107,"column":1}},"34":{"start":{"line":92,"column":20},"end":{"line":92,"column":30}},"35":{"start":{"line":94,"column":27},"end":{"line":96,"column":4}},"36":{"start":{"line":97,"column":2},"end":{"line":101,"column":null}},"37":{"start":{"line":98,"column":18},"end":{"line":98,"column":54}},"38":{"start":{"line":99,"column":4},"end":{"line":99,"column":null}},"39":{"start":{"line":100,"column":4},"end":{"line":100,"column":null}},"40":{"start":{"line":103,"column":2},"end":{"line":106,"column":null}}},"fnMap":{"0":{"name":"(anonymous_0)","decl":{"start":{"line":11,"column":37},"end":{"line":11,"column":42}},"loc":{"start":{"line":11,"column":51},"end":{"line":35,"column":1}},"line":11},"1":{"name":"(anonymous_1)","decl":{"start":{"line":37,"column":35},"end":{"line":37,"column":40}},"loc":{"start":{"line":37,"column":47},"end":{"line":41,"column":1}},"line":37},"2":{"name":"(anonymous_2)","decl":{"start":{"line":43,"column":38},"end":{"line":43,"column":43}},"loc":{"start":{"line":43,"column":50},"end":{"line":48,"column":1}},"line":43},"3":{"name":"(anonymous_3)","decl":{"start":{"line":50,"column":37},"end":{"line":50,"column":42}},"loc":{"start":{"line":50,"column":57},"end":{"line":89,"column":1}},"line":50},"4":{"name":"(anonymous_4)","decl":{"start":{"line":91,"column":37},"end":{"line":91,"column":42}},"loc":{"start":{"line":91,"column":49},"end":{"line":107,"column":1}},"line":91}},"branchMap":{"0":{"loc":{"start":{"line":19,"column":2},"end":{"line":23,"column":null}},"type":"if","locations":[{"start":{"line":19,"column":2},"end":{"line":23,"column":null}},{"start":{},"end":{}}],"line":19},"1":{"loc":{"start":{"line":19,"column":6},"end":{"line":19,"column":25}},"type":"binary-expr","locations":[{"start":{"line":19,"column":6},"end":{"line":19,"column":14}},{"start":{"line":19,"column":18},"end":{"line":19,"column":25}}],"line":19},"2":{"loc":{"start":{"line":28,"column":23},"end":{"line":28,"column":46}},"type":"binary-expr","locations":[{"start":{"line":28,"column":23},"end":{"line":28,"column":38}},{"start":{"line":28,"column":42},"end":{"line":28,"column":46}}],"line":28},"3":{"loc":{"start":{"line":56,"column":2},"end":{"line":60,"column":null}},"type":"if","locations":[{"start":{"line":56,"column":2},"end":{"line":60,"column":null}},{"start":{},"end":{}}],"line":56},"4":{"loc":{"start":{"line":62,"column":2},"end":{"line":71,"column":null}},"type":"if","locations":[{"start":{"line":62,"column":2},"end":{"line":71,"column":null}},{"start":{},"end":{}}],"line":62},"5":{"loc":{"start":{"line":66,"column":4},"end":{"line":70,"column":null}},"type":"if","locations":[{"start":{"line":66,"column":4},"end":{"line":70,"column":null}},{"start":{},"end":{}}],"line":66},"6":{"loc":{"start":{"line":73,"column":2},"end":{"line":82,"column":null}},"type":"if","locations":[{"start":{"line":73,"column":2},"end":{"line":82,"column":null}},{"start":{},"end":{}}],"line":73},"7":{"loc":{"start":{"line":77,"column":4},"end":{"line":81,"column":null}},"type":"if","locations":[{"start":{"line":77,"column":4},"end":{"line":81,"column":null}},{"start":{},"end":{}}],"line":77},"8":{"loc":{"start":{"line":97,"column":2},"end":{"line":101,"column":null}},"type":"if","locations":[{"start":{"line":97,"column":2},"end":{"line":101,"column":null}},{"start":{},"end":{}}],"line":97}},"s":{"0":3,"1":3,"2":1,"3":1,"4":1,"5":0,"6":0,"7":0,"8":1,"9":3,"10":1,"11":3,"12":2,"13":3,"14":1,"15":1,"16":1,"17":0,"18":0,"19":0,"20":1,"21":0,"22":0,"23":0,"24":0,"25":0,"26":1,"27":0,"28":0,"29":0,"30":0,"31":0,"32":1,"33":3,"34":1,"35":1,"36":1,"37":0,"38":0,"39":0,"40":1},"f":{"0":1,"1":1,"2":2,"3":1,"4":1},"b":{"0":[0,1],"1":[1,1],"2":[1,0],"3":[0,1],"4":[0,1],"5":[0,0],"6":[0,1],"7":[0,0],"8":[0,1]},"meta":{"lastBranch":9,"lastFunction":5,"lastStatement":41,"seen":{"s:4:25:9:1":0,"s:11:37:35:1":1,"f:11:37:11:42":0,"s:12:75:12:79":2,"s:14:28:17:4":3,"b:19:2:23:Infinity:undefined:undefined:undefined:undefined":0,"s:19:2:23:Infinity":4,"b:19:6:19:14:19:18:19:25":1,"s:20:18:20:63":5,"s:21:4:21:Infinity":6,"s:22:4:22:Infinity":7,"s:25:2:34:Infinity":8,"b:28:23:28:38:28:42:28:46":2,"s:37:35:41:1":9,"f:37:35:37:40":1,"s:38:2:40:Infinity":10,"s:43:38:48:1":11,"f:43:38:43:43":2,"s:44:2:47:Infinity":12,"s:50:37:89:1":13,"f:50:37:50:42":3,"s:51:20:51:30":14,"s:53:27:55:4":15,"b:56:2:60:Infinity:undefined:undefined:undefined:undefined":3,"s:56:2:60:Infinity":16,"s:57:18:57:54":17,"s:58:4:58:Infinity":18,"s:59:4:59:Infinity":19,"b:62:2:71:Infinity:undefined:undefined:undefined:undefined":4,"s:62:2:71:Infinity":20,"s:63:20:65:6":21,"b:66:4:70:Infinity:undefined:undefined:undefined:undefined":5,"s:66:4:70:Infinity":22,"s:67:20:67:56":23,"s:68:6:68:Infinity":24,"s:69:6:69:Infinity":25,"b:73:2:82:Infinity:undefined:undefined:undefined:undefined":6,"s:73:2:82:Infinity":26,"s:74:19:76:6":27,"b:77:4:81:Infinity:undefined:undefined:undefined:undefined":7,"s:77:4:81:Infinity":28,"s:78:20:78:54":29,"s:79:6:79:Infinity":30,"s:80:6:80:Infinity":31,"s:84:2:88:Infinity":32,"s:91:37:107:1":33,"f:91:37:91:42":4,"s:92:20:92:30":34,"s:94:27:96:4":35,"b:97:2:101:Infinity:undefined:undefined:undefined:undefined":8,"s:97:2:101:Infinity":36,"s:98:18:98:54":37,"s:99:4:99:Infinity":38,"s:100:4:100:Infinity":39,"s:103:2:106:Infinity":40},"fnNames":{}}}
,"/workspaces/webII/src/services/subjectService.js": {"path":"/workspaces/webII/src/services/subjectService.js","statementMap":{"0":{"start":{"line":3,"column":25},"end":{"line":7,"column":1}},"1":{"start":{"line":9,"column":36},"end":{"line":30,"column":1}},"2":{"start":{"line":10,"column":29},"end":{"line":10,"column":48}},"3":{"start":{"line":12,"column":26},"end":{"line":14,"column":4}},"4":{"start":{"line":16,"column":2},"end":{"line":20,"column":null}},"5":{"start":{"line":17,"column":18},"end":{"line":17,"column":62}},"6":{"start":{"line":18,"column":4},"end":{"line":18,"column":null}},"7":{"start":{"line":19,"column":4},"end":{"line":19,"column":null}},"8":{"start":{"line":22,"column":2},"end":{"line":29,"column":null}},"9":{"start":{"line":32,"column":34},"end":{"line":36,"column":1}},"10":{"start":{"line":33,"column":2},"end":{"line":35,"column":null}},"11":{"start":{"line":38,"column":37},"end":{"line":45,"column":1}},"12":{"start":{"line":39,"column":20},"end":{"line":39,"column":30}},"13":{"start":{"line":41,"column":2},"end":{"line":44,"column":null}},"14":{"start":{"line":47,"column":36},"end":{"line":86,"column":1}},"15":{"start":{"line":51,"column":20},"end":{"line":51,"column":30}},"16":{"start":{"line":53,"column":24},"end":{"line":55,"column":4}},"17":{"start":{"line":57,"column":2},"end":{"line":61,"column":null}},"18":{"start":{"line":58,"column":18},"end":{"line":58,"column":54}},"19":{"start":{"line":59,"column":4},"end":{"line":59,"column":null}},"20":{"start":{"line":60,"column":4},"end":{"line":60,"column":null}},"21":{"start":{"line":63,"column":2},"end":{"line":74,"column":null}},"22":{"start":{"line":64,"column":31},"end":{"line":64,"column":50}},"23":{"start":{"line":65,"column":28},"end":{"line":67,"column":6}},"24":{"start":{"line":69,"column":4},"end":{"line":73,"column":null}},"25":{"start":{"line":70,"column":20},"end":{"line":70,"column":64}},"26":{"start":{"line":71,"column":6},"end":{"line":71,"column":null}},"27":{"start":{"line":72,"column":6},"end":{"line":72,"column":null}},"28":{"start":{"line":76,"column":21},"end":{"line":76,"column":23}},"29":{"start":{"line":77,"column":2},"end":{"line":77,"column":null}},"30":{"start":{"line":77,"column":26},"end":{"line":77,"column":null}},"31":{"start":{"line":78,"column":2},"end":{"line":78,"column":null}},"32":{"start":{"line":78,"column":27},"end":{"line":78,"column":null}},"33":{"start":{"line":79,"column":2},"end":{"line":79,"column":null}},"34":{"start":{"line":79,"column":33},"end":{"line":79,"column":null}},"35":{"start":{"line":81,"column":2},"end":{"line":85,"column":null}},"36":{"start":{"line":88,"column":36},"end":{"line":112,"column":1}},"37":{"start":{"line":89,"column":20},"end":{"line":89,"column":30}},"38":{"start":{"line":91,"column":24},"end":{"line":94,"column":4}},"39":{"start":{"line":96,"column":2},"end":{"line":100,"column":null}},"40":{"start":{"line":97,"column":18},"end":{"line":97,"column":54}},"41":{"start":{"line":98,"column":4},"end":{"line":98,"column":null}},"42":{"start":{"line":99,"column":4},"end":{"line":99,"column":null}},"43":{"start":{"line":102,"column":2},"end":{"line":106,"column":null}},"44":{"start":{"line":103,"column":18},"end":{"line":103,"column":66}},"45":{"start":{"line":104,"column":4},"end":{"line":104,"column":null}},"46":{"start":{"line":105,"column":4},"end":{"line":105,"column":null}},"47":{"start":{"line":108,"column":2},"end":{"line":111,"column":null}}},"fnMap":{"0":{"name":"(anonymous_0)","decl":{"start":{"line":9,"column":36},"end":{"line":9,"column":41}},"loc":{"start":{"line":9,"column":76},"end":{"line":30,"column":1}},"line":9},"1":{"name":"(anonymous_1)","decl":{"start":{"line":32,"column":34},"end":{"line":32,"column":39}},"loc":{"start":{"line":32,"column":46},"end":{"line":36,"column":1}},"line":32},"2":{"name":"(anonymous_2)","decl":{"start":{"line":38,"column":37},"end":{"line":38,"column":42}},"loc":{"start":{"line":38,"column":49},"end":{"line":45,"column":1}},"line":38},"3":{"name":"(anonymous_3)","decl":{"start":{"line":47,"column":36},"end":{"line":47,"column":41}},"loc":{"start":{"line":50,"column":5},"end":{"line":86,"column":1}},"line":50},"4":{"name":"(anonymous_4)","decl":{"start":{"line":88,"column":36},"end":{"line":88,"column":41}},"loc":{"start":{"line":88,"column":48},"end":{"line":112,"column":1}},"line":88}},"branchMap":{"0":{"loc":{"start":{"line":16,"column":2},"end":{"line":20,"column":null}},"type":"if","locations":[{"start":{"line":16,"column":2},"end":{"line":20,"column":null}},{"start":{},"end":{}}],"line":16},"1":{"loc":{"start":{"line":26,"column":13},"end":{"line":26,"column":26}},"type":"binary-expr","locations":[{"start":{"line":26,"column":13},"end":{"line":26,"column":18}},{"start":{"line":26,"column":22},"end":{"line":26,"column":26}}],"line":26},"2":{"loc":{"start":{"line":57,"column":2},"end":{"line":61,"column":null}},"type":"if","locations":[{"start":{"line":57,"column":2},"end":{"line":61,"column":null}},{"start":{},"end":{}}],"line":57},"3":{"loc":{"start":{"line":63,"column":2},"end":{"line":74,"column":null}},"type":"if","locations":[{"start":{"line":63,"column":2},"end":{"line":74,"column":null}},{"start":{},"end":{}}],"line":63},"4":{"loc":{"start":{"line":69,"column":4},"end":{"line":73,"column":null}},"type":"if","locations":[{"start":{"line":69,"column":4},"end":{"line":73,"column":null}},{"start":{},"end":{}}],"line":69},"5":{"loc":{"start":{"line":77,"column":2},"end":{"line":77,"column":null}},"type":"if","locations":[{"start":{"line":77,"column":2},"end":{"line":77,"column":null}},{"start":{},"end":{}}],"line":77},"6":{"loc":{"start":{"line":78,"column":2},"end":{"line":78,"column":null}},"type":"if","locations":[{"start":{"line":78,"column":2},"end":{"line":78,"column":null}},{"start":{},"end":{}}],"line":78},"7":{"loc":{"start":{"line":79,"column":2},"end":{"line":79,"column":null}},"type":"if","locations":[{"start":{"line":79,"column":2},"end":{"line":79,"column":null}},{"start":{},"end":{}}],"line":79},"8":{"loc":{"start":{"line":96,"column":2},"end":{"line":100,"column":null}},"type":"if","locations":[{"start":{"line":96,"column":2},"end":{"line":100,"column":null}},{"start":{},"end":{}}],"line":96},"9":{"loc":{"start":{"line":102,"column":2},"end":{"line":106,"column":null}},"type":"if","locations":[{"start":{"line":102,"column":2},"end":{"line":106,"column":null}},{"start":{},"end":{}}],"line":102},"10":{"loc":{"start":{"line":102,"column":6},"end":{"line":102,"column":67}},"type":"binary-expr","locations":[{"start":{"line":102,"column":6},"end":{"line":102,"column":29}},{"start":{"line":102,"column":33},"end":{"line":102,"column":67}}],"line":102}},"s":{"0":3,"1":3,"2":2,"3":2,"4":2,"5":1,"6":1,"7":1,"8":1,"9":3,"10":1,"11":3,"12":2,"13":2,"14":3,"15":3,"16":3,"17":3,"18":0,"19":0,"20":0,"21":3,"22":1,"23":1,"24":1,"25":1,"26":1,"27":1,"28":2,"29":2,"30":1,"31":2,"32":2,"33":2,"34":0,"35":2,"36":3,"37":5,"38":5,"39":5,"40":1,"41":1,"42":1,"43":4,"44":2,"45":2,"46":2,"47":2},"f":{"0":2,"1":1,"2":2,"3":3,"4":5},"b":{"0":[1,1],"1":[1,1],"2":[0,3],"3":[1,2],"4":[1,0],"5":[1,1],"6":[2,0],"7":[0,2],"8":[1,4],"9":[2,2],"10":[4,4]},"meta":{"lastBranch":11,"lastFunction":5,"lastStatement":48,"seen":{"s:3:25:7:1":0,"s:9:36:30:1":1,"f:9:36:9:41":0,"s:10:29:10:48":2,"s:12:26:14:4":3,"b:16:2:20:Infinity:undefined:undefined:undefined:undefined":0,"s:16:2:20:Infinity":4,"s:17:18:17:62":5,"s:18:4:18:Infinity":6,"s:19:4:19:Infinity":7,"s:22:2:29:Infinity":8,"b:26:13:26:18:26:22:26:26":1,"s:32:34:36:1":9,"f:32:34:32:39":1,"s:33:2:35:Infinity":10,"s:38:37:45:1":11,"f:38:37:38:42":2,"s:39:20:39:30":12,"s:41:2:44:Infinity":13,"s:47:36:86:1":14,"f:47:36:47:41":3,"s:51:20:51:30":15,"s:53:24:55:4":16,"b:57:2:61:Infinity:undefined:undefined:undefined:undefined":2,"s:57:2:61:Infinity":17,"s:58:18:58:54":18,"s:59:4:59:Infinity":19,"s:60:4:60:Infinity":20,"b:63:2:74:Infinity:undefined:undefined:undefined:undefined":3,"s:63:2:74:Infinity":21,"s:64:31:64:50":22,"s:65:28:67:6":23,"b:69:4:73:Infinity:undefined:undefined:undefined:undefined":4,"s:69:4:73:Infinity":24,"s:70:20:70:64":25,"s:71:6:71:Infinity":26,"s:72:6:72:Infinity":27,"s:76:21:76:23":28,"b:77:2:77:Infinity:undefined:undefined:undefined:undefined":5,"s:77:2:77:Infinity":29,"s:77:26:77:Infinity":30,"b:78:2:78:Infinity:undefined:undefined:undefined:undefined":6,"s:78:2:78:Infinity":31,"s:78:27:78:Infinity":32,"b:79:2:79:Infinity:undefined:undefined:undefined:undefined":7,"s:79:2:79:Infinity":33,"s:79:33:79:Infinity":34,"s:81:2:85:Infinity":35,"s:88:36:112:1":36,"f:88:36:88:41":4,"s:89:20:89:30":37,"s:91:24:94:4":38,"b:96:2:100:Infinity:undefined:undefined:undefined:undefined":8,"s:96:2:100:Infinity":39,"s:97:18:97:54":40,"s:98:4:98:Infinity":41,"s:99:4:99:Infinity":42,"b:102:2:106:Infinity:undefined:undefined:undefined:undefined":9,"s:102:2:106:Infinity":43,"b:102:6:102:29:102:33:102:67":10,"s:103:18:103:66":44,"s:104:4:104:Infinity":45,"s:105:4:105:Infinity":46,"s:108:2:111:Infinity":47},"fnNames":{}}}
,"/workspaces/webII/src/services/userService.js": {"path":"/workspaces/webII/src/services/userService.js","statementMap":{"0":{"start":{"line":3,"column":25},"end":{"line":11,"column":1}},"1":{"start":{"line":18,"column":23},"end":{"line":18,"column":58}},"2":{"start":{"line":18,"column":32},"end":{"line":18,"column":58}},"3":{"start":{"line":24,"column":27},"end":{"line":29,"column":1}},"4":{"start":{"line":25,"column":2},"end":{"line":28,"column":null}},"5":{"start":{"line":36,"column":27},"end":{"line":41,"column":1}},"6":{"start":{"line":37,"column":2},"end":{"line":40,"column":null}},"7":{"start":{"line":48,"column":26},"end":{"line":78,"column":1}},"8":{"start":{"line":49,"column":16},"end":{"line":49,"column":46}},"9":{"start":{"line":50,"column":21},"end":{"line":53,"column":4}},"10":{"start":{"line":55,"column":2},"end":{"line":57,"column":null}},"11":{"start":{"line":56,"column":4},"end":{"line":56,"column":null}},"12":{"start":{"line":59,"column":2},"end":{"line":77,"column":null}},"13":{"start":{"line":60,"column":20},"end":{"line":68,"column":6}},"14":{"start":{"line":70,"column":4},"end":{"line":70,"column":null}},"15":{"start":{"line":72,"column":4},"end":{"line":74,"column":null}},"16":{"start":{"line":73,"column":6},"end":{"line":73,"column":null}},"17":{"start":{"line":76,"column":4},"end":{"line":76,"column":null}},"18":{"start":{"line":86,"column":26},"end":{"line":139,"column":1}},"19":{"start":{"line":87,"column":27},"end":{"line":90,"column":4}},"20":{"start":{"line":92,"column":2},"end":{"line":94,"column":null}},"21":{"start":{"line":93,"column":4},"end":{"line":93,"column":null}},"22":{"start":{"line":96,"column":15},"end":{"line":96,"column":17}},"23":{"start":{"line":98,"column":2},"end":{"line":100,"column":null}},"24":{"start":{"line":99,"column":4},"end":{"line":99,"column":null}},"25":{"start":{"line":102,"column":2},"end":{"line":114,"column":null}},"26":{"start":{"line":103,"column":18},"end":{"line":103,"column":48}},"27":{"start":{"line":104,"column":23},"end":{"line":107,"column":6}},"28":{"start":{"line":109,"column":4},"end":{"line":111,"column":null}},"29":{"start":{"line":110,"column":6},"end":{"line":110,"column":null}},"30":{"start":{"line":113,"column":4},"end":{"line":113,"column":null}},"31":{"start":{"line":116,"column":2},"end":{"line":118,"column":null}},"32":{"start":{"line":117,"column":4},"end":{"line":117,"column":null}},"33":{"start":{"line":120,"column":2},"end":{"line":122,"column":null}},"34":{"start":{"line":121,"column":4},"end":{"line":121,"column":null}},"35":{"start":{"line":124,"column":2},"end":{"line":138,"column":null}},"36":{"start":{"line":125,"column":20},"end":{"line":129,"column":6}},"37":{"start":{"line":131,"column":4},"end":{"line":131,"column":null}},"38":{"start":{"line":133,"column":4},"end":{"line":135,"column":null}},"39":{"start":{"line":134,"column":6},"end":{"line":134,"column":null}},"40":{"start":{"line":137,"column":4},"end":{"line":137,"column":null}},"41":{"start":{"line":146,"column":26},"end":{"line":182,"column":1}},"42":{"start":{"line":147,"column":27},"end":{"line":155,"column":4}},"43":{"start":{"line":157,"column":2},"end":{"line":159,"column":null}},"44":{"start":{"line":158,"column":4},"end":{"line":158,"column":null}},"45":{"start":{"line":161,"column":2},"end":{"line":166,"column":null}},"46":{"start":{"line":165,"column":4},"end":{"line":165,"column":null}},"47":{"start":{"line":168,"column":2},"end":{"line":181,"column":null}},"48":{"start":{"line":169,"column":20},"end":{"line":172,"column":6}},"49":{"start":{"line":174,"column":4},"end":{"line":174,"column":null}},"50":{"start":{"line":176,"column":4},"end":{"line":178,"column":null}},"51":{"start":{"line":177,"column":6},"end":{"line":177,"column":null}},"52":{"start":{"line":180,"column":4},"end":{"line":180,"column":null}}},"fnMap":{"0":{"name":"(anonymous_0)","decl":{"start":{"line":18,"column":23},"end":{"line":18,"column":28}},"loc":{"start":{"line":18,"column":32},"end":{"line":18,"column":58}},"line":18},"1":{"name":"(anonymous_1)","decl":{"start":{"line":24,"column":27},"end":{"line":24,"column":32}},"loc":{"start":{"line":24,"column":39},"end":{"line":29,"column":1}},"line":24},"2":{"name":"(anonymous_2)","decl":{"start":{"line":36,"column":27},"end":{"line":36,"column":32}},"loc":{"start":{"line":36,"column":43},"end":{"line":41,"column":1}},"line":36},"3":{"name":"(anonymous_3)","decl":{"start":{"line":48,"column":26},"end":{"line":48,"column":31}},"loc":{"start":{"line":48,"column":44},"end":{"line":78,"column":1}},"line":48},"4":{"name":"(anonymous_4)","decl":{"start":{"line":86,"column":26},"end":{"line":86,"column":31}},"loc":{"start":{"line":86,"column":54},"end":{"line":139,"column":1}},"line":86},"5":{"name":"(anonymous_5)","decl":{"start":{"line":146,"column":26},"end":{"line":146,"column":31}},"loc":{"start":{"line":146,"column":42},"end":{"line":182,"column":1}},"line":146}},"branchMap":{"0":{"loc":{"start":{"line":55,"column":2},"end":{"line":57,"column":null}},"type":"if","locations":[{"start":{"line":55,"column":2},"end":{"line":57,"column":null}},{"start":{},"end":{}}],"line":55},"1":{"loc":{"start":{"line":64,"column":15},"end":{"line":64,"column":44}},"type":"binary-expr","locations":[{"start":{"line":64,"column":15},"end":{"line":64,"column":29}},{"start":{"line":64,"column":33},"end":{"line":64,"column":44}}],"line":64},"2":{"loc":{"start":{"line":65,"column":14},"end":{"line":65,"column":43}},"type":"binary-expr","locations":[{"start":{"line":65,"column":14},"end":{"line":65,"column":35}},{"start":{"line":65,"column":39},"end":{"line":65,"column":43}}],"line":65},"3":{"loc":{"start":{"line":72,"column":4},"end":{"line":74,"column":null}},"type":"if","locations":[{"start":{"line":72,"column":4},"end":{"line":74,"column":null}},{"start":{},"end":{}}],"line":72},"4":{"loc":{"start":{"line":92,"column":2},"end":{"line":94,"column":null}},"type":"if","locations":[{"start":{"line":92,"column":2},"end":{"line":94,"column":null}},{"start":{},"end":{}}],"line":92},"5":{"loc":{"start":{"line":98,"column":2},"end":{"line":100,"column":null}},"type":"if","locations":[{"start":{"line":98,"column":2},"end":{"line":100,"column":null}},{"start":{},"end":{}}],"line":98},"6":{"loc":{"start":{"line":102,"column":2},"end":{"line":114,"column":null}},"type":"if","locations":[{"start":{"line":102,"column":2},"end":{"line":114,"column":null}},{"start":{},"end":{}}],"line":102},"7":{"loc":{"start":{"line":109,"column":4},"end":{"line":111,"column":null}},"type":"if","locations":[{"start":{"line":109,"column":4},"end":{"line":111,"column":null}},{"start":{},"end":{}}],"line":109},"8":{"loc":{"start":{"line":109,"column":8},"end":{"line":109,"column":46}},"type":"binary-expr","locations":[{"start":{"line":109,"column":8},"end":{"line":109,"column":18}},{"start":{"line":109,"column":22},"end":{"line":109,"column":46}}],"line":109},"9":{"loc":{"start":{"line":116,"column":2},"end":{"line":118,"column":null}},"type":"if","locations":[{"start":{"line":116,"column":2},"end":{"line":118,"column":null}},{"start":{},"end":{}}],"line":116},"10":{"loc":{"start":{"line":120,"column":2},"end":{"line":122,"column":null}},"type":"if","locations":[{"start":{"line":120,"column":2},"end":{"line":122,"column":null}},{"start":{},"end":{}}],"line":120},"11":{"loc":{"start":{"line":121,"column":16},"end":{"line":121,"column":45}},"type":"binary-expr","locations":[{"start":{"line":121,"column":16},"end":{"line":121,"column":37}},{"start":{"line":121,"column":41},"end":{"line":121,"column":45}}],"line":121},"12":{"loc":{"start":{"line":133,"column":4},"end":{"line":135,"column":null}},"type":"if","locations":[{"start":{"line":133,"column":4},"end":{"line":135,"column":null}},{"start":{},"end":{}}],"line":133},"13":{"loc":{"start":{"line":157,"column":2},"end":{"line":159,"column":null}},"type":"if","locations":[{"start":{"line":157,"column":2},"end":{"line":159,"column":null}},{"start":{},"end":{}}],"line":157},"14":{"loc":{"start":{"line":161,"column":2},"end":{"line":166,"column":null}},"type":"if","locations":[{"start":{"line":161,"column":2},"end":{"line":166,"column":null}},{"start":{},"end":{}}],"line":161},"15":{"loc":{"start":{"line":162,"column":4},"end":{"line":163,"column":null}},"type":"binary-expr","locations":[{"start":{"line":162,"column":4},"end":{"line":162,"column":40}},{"start":{"line":163,"column":4},"end":{"line":163,"column":null}}],"line":162},"16":{"loc":{"start":{"line":176,"column":4},"end":{"line":178,"column":null}},"type":"if","locations":[{"start":{"line":176,"column":4},"end":{"line":178,"column":null}},{"start":{},"end":{}}],"line":176},"17":{"loc":{"start":{"line":176,"column":8},"end":{"line":176,"column":56}},"type":"binary-expr","locations":[{"start":{"line":176,"column":8},"end":{"line":176,"column":30}},{"start":{"line":176,"column":34},"end":{"line":176,"column":56}}],"line":176}},"s":{"0":3,"1":3,"2":11,"3":3,"4":1,"5":3,"6":3,"7":3,"8":10,"9":10,"10":10,"11":1,"12":9,"13":9,"14":9,"15":0,"16":0,"17":0,"18":3,"19":2,"20":2,"21":0,"22":2,"23":2,"24":1,"25":2,"26":1,"27":1,"28":1,"29":1,"30":0,"31":1,"32":0,"33":1,"34":0,"35":1,"36":1,"37":1,"38":0,"39":0,"40":0,"41":3,"42":2,"43":2,"44":0,"45":2,"46":1,"47":1,"48":1,"49":1,"50":0,"51":0,"52":0},"f":{"0":11,"1":1,"2":3,"3":10,"4":2,"5":2},"b":{"0":[1,9],"1":[9,9],"2":[10,9],"3":[0,0],"4":[0,2],"5":[1,1],"6":[1,1],"7":[1,0],"8":[1,1],"9":[0,1],"10":[0,1],"11":[0,0],"12":[0,0],"13":[0,2],"14":[1,1],"15":[2,1],"16":[0,0],"17":[0,0]},"meta":{"lastBranch":18,"lastFunction":6,"lastStatement":53,"seen":{"s:3:25:11:1":0,"s:18:23:18:58":1,"f:18:23:18:28":0,"s:18:32:18:58":2,"s:24:27:29:1":3,"f:24:27:24:32":1,"s:25:2:28:Infinity":4,"s:36:27:41:1":5,"f:36:27:36:32":2,"s:37:2:40:Infinity":6,"s:48:26:78:1":7,"f:48:26:48:31":3,"s:49:16:49:46":8,"s:50:21:53:4":9,"b:55:2:57:Infinity:undefined:undefined:undefined:undefined":0,"s:55:2:57:Infinity":10,"s:56:4:56:Infinity":11,"s:59:2:77:Infinity":12,"s:60:20:68:6":13,"b:64:15:64:29:64:33:64:44":1,"b:65:14:65:35:65:39:65:43":2,"s:70:4:70:Infinity":14,"b:72:4:74:Infinity:undefined:undefined:undefined:undefined":3,"s:72:4:74:Infinity":15,"s:73:6:73:Infinity":16,"s:76:4:76:Infinity":17,"s:86:26:139:1":18,"f:86:26:86:31":4,"s:87:27:90:4":19,"b:92:2:94:Infinity:undefined:undefined:undefined:undefined":4,"s:92:2:94:Infinity":20,"s:93:4:93:Infinity":21,"s:96:15:96:17":22,"b:98:2:100:Infinity:undefined:undefined:undefined:undefined":5,"s:98:2:100:Infinity":23,"s:99:4:99:Infinity":24,"b:102:2:114:Infinity:undefined:undefined:undefined:undefined":6,"s:102:2:114:Infinity":25,"s:103:18:103:48":26,"s:104:23:107:6":27,"b:109:4:111:Infinity:undefined:undefined:undefined:undefined":7,"s:109:4:111:Infinity":28,"b:109:8:109:18:109:22:109:46":8,"s:110:6:110:Infinity":29,"s:113:4:113:Infinity":30,"b:116:2:118:Infinity:undefined:undefined:undefined:undefined":9,"s:116:2:118:Infinity":31,"s:117:4:117:Infinity":32,"b:120:2:122:Infinity:undefined:undefined:undefined:undefined":10,"s:120:2:122:Infinity":33,"s:121:4:121:Infinity":34,"b:121:16:121:37:121:41:121:45":11,"s:124:2:138:Infinity":35,"s:125:20:129:6":36,"s:131:4:131:Infinity":37,"b:133:4:135:Infinity:undefined:undefined:undefined:undefined":12,"s:133:4:135:Infinity":38,"s:134:6:134:Infinity":39,"s:137:4:137:Infinity":40,"s:146:26:182:1":41,"f:146:26:146:31":5,"s:147:27:155:4":42,"b:157:2:159:Infinity:undefined:undefined:undefined:undefined":13,"s:157:2:159:Infinity":43,"s:158:4:158:Infinity":44,"b:161:2:166:Infinity:undefined:undefined:undefined:undefined":14,"s:161:2:166:Infinity":45,"b:162:4:162:40:163:4:163:Infinity":15,"s:165:4:165:Infinity":46,"s:168:2:181:Infinity":47,"s:169:20:172:6":48,"s:174:4:174:Infinity":49,"b:176:4:178:Infinity:undefined:undefined:undefined:undefined":16,"s:176:4:178:Infinity":50,"b:176:8:176:30:176:34:176:56":17,"s:177:6:177:Infinity":51,"s:180:4:180:Infinity":52},"fnNames":{}}}
}
